{"D:\\bcde211_campus_event_planner\\src\\App.tsx": {"path":"D:\\bcde211_campus_event_planner\\src\\App.tsx","statementMap":{"0":{"start":{"line":21,"column":30},"end":{"line":21,"column":57}},"1":{"start":{"line":26,"column":36},"end":{"line":26,"column":70}},"2":{"start":{"line":31,"column":38},"end":{"line":31,"column":50}},"3":{"start":{"line":37,"column":38},"end":{"line":37,"column":50}},"4":{"start":{"line":38,"column":42},"end":{"line":38,"column":54}},"5":{"start":{"line":44,"column":40},"end":{"line":44,"column":51}},"6":{"start":{"line":45,"column":44},"end":{"line":45,"column":55}},"7":{"start":{"line":52,"column":4},"end":{"line":60,"column":5}},"8":{"start":{"line":53,"column":27},"end":{"line":53,"column":61}},"9":{"start":{"line":55,"column":6},"end":{"line":55,"column":29}},"10":{"start":{"line":57,"column":6},"end":{"line":57,"column":31}},"11":{"start":{"line":59,"column":6},"end":{"line":59,"column":61}},"12":{"start":{"line":68,"column":4},"end":{"line":76,"column":5}},"13":{"start":{"line":69,"column":25},"end":{"line":69,"column":67}},"14":{"start":{"line":70,"column":23},"end":{"line":70,"column":67}},"15":{"start":{"line":72,"column":6},"end":{"line":72,"column":32}},"16":{"start":{"line":73,"column":6},"end":{"line":73,"column":32}},"17":{"start":{"line":75,"column":6},"end":{"line":75,"column":60}},"18":{"start":{"line":84,"column":4},"end":{"line":91,"column":5}},"19":{"start":{"line":85,"column":27},"end":{"line":85,"column":64}},"20":{"start":{"line":87,"column":6},"end":{"line":87,"column":25}},"21":{"start":{"line":88,"column":6},"end":{"line":88,"column":29}},"22":{"start":{"line":90,"column":6},"end":{"line":90,"column":51}},"23":{"start":{"line":100,"column":4},"end":{"line":113,"column":5}},"24":{"start":{"line":101,"column":6},"end":{"line":101,"column":29}},"25":{"start":{"line":103,"column":6},"end":{"line":106,"column":7}},"26":{"start":{"line":104,"column":8},"end":{"line":104,"column":29}},"27":{"start":{"line":105,"column":8},"end":{"line":105,"column":14}},"28":{"start":{"line":108,"column":29},"end":{"line":108,"column":71}},"29":{"start":{"line":110,"column":6},"end":{"line":110,"column":31}},"30":{"start":{"line":112,"column":6},"end":{"line":112,"column":53}},"31":{"start":{"line":119,"column":2},"end":{"line":121,"column":8}},"32":{"start":{"line":120,"column":4},"end":{"line":120,"column":19}},"33":{"start":{"line":128,"column":4},"end":{"line":128,"column":21}},"34":{"start":{"line":129,"column":4},"end":{"line":129,"column":23}},"35":{"start":{"line":131,"column":4},"end":{"line":160,"column":5}},"36":{"start":{"line":137,"column":29},"end":{"line":143,"column":7}},"37":{"start":{"line":139,"column":10},"end":{"line":142,"column":48}},"38":{"start":{"line":145,"column":6},"end":{"line":153,"column":7}},"39":{"start":{"line":146,"column":8},"end":{"line":146,"column":44}},"40":{"start":{"line":148,"column":8},"end":{"line":150,"column":9}},"41":{"start":{"line":152,"column":8},"end":{"line":152,"column":14}},"42":{"start":{"line":155,"column":6},"end":{"line":155,"column":45}},"43":{"start":{"line":157,"column":6},"end":{"line":157,"column":27}},"44":{"start":{"line":159,"column":6},"end":{"line":159,"column":50}},"45":{"start":{"line":168,"column":4},"end":{"line":174,"column":5}},"46":{"start":{"line":169,"column":6},"end":{"line":169,"column":42}},"47":{"start":{"line":171,"column":6},"end":{"line":171,"column":27}},"48":{"start":{"line":173,"column":6},"end":{"line":173,"column":52}},"49":{"start":{"line":182,"column":4},"end":{"line":182,"column":21}},"50":{"start":{"line":183,"column":4},"end":{"line":183,"column":23}},"51":{"start":{"line":185,"column":4},"end":{"line":215,"column":5}},"52":{"start":{"line":191,"column":29},"end":{"line":198,"column":7}},"53":{"start":{"line":193,"column":10},"end":{"line":197,"column":52}},"54":{"start":{"line":200,"column":6},"end":{"line":208,"column":7}},"55":{"start":{"line":201,"column":8},"end":{"line":201,"column":47}},"56":{"start":{"line":203,"column":8},"end":{"line":205,"column":9}},"57":{"start":{"line":207,"column":8},"end":{"line":207,"column":14}},"58":{"start":{"line":210,"column":6},"end":{"line":210,"column":52}},"59":{"start":{"line":212,"column":6},"end":{"line":212,"column":27}},"60":{"start":{"line":214,"column":6},"end":{"line":214,"column":52}},"61":{"start":{"line":223,"column":4},"end":{"line":223,"column":21}},"62":{"start":{"line":224,"column":4},"end":{"line":224,"column":23}},"63":{"start":{"line":225,"column":4},"end":{"line":234,"column":5}},"64":{"start":{"line":226,"column":6},"end":{"line":226,"column":42}},"65":{"start":{"line":228,"column":6},"end":{"line":228,"column":27}},"66":{"start":{"line":230,"column":6},"end":{"line":230,"column":52}},"67":{"start":{"line":231,"column":6},"end":{"line":231,"column":45}},"68":{"start":{"line":233,"column":6},"end":{"line":233,"column":79}},"69":{"start":{"line":237,"column":2},"end":{"line":327,"column":3}},"70":{"start":{"line":256,"column":16},"end":{"line":256,"column":33}},"71":{"start":{"line":257,"column":16},"end":{"line":257,"column":35}},"72":{"start":{"line":299,"column":35},"end":{"line":299,"column":67}},"73":{"start":{"line":305,"column":16},"end":{"line":305,"column":66}}},"fnMap":{"0":{"name":"App","decl":{"start":{"line":16,"column":24},"end":{"line":16,"column":27}},"loc":{"start":{"line":16,"column":30},"end":{"line":328,"column":1}},"line":16},"1":{"name":"refreshEvents","decl":{"start":{"line":51,"column":17},"end":{"line":51,"column":30}},"loc":{"start":{"line":51,"column":48},"end":{"line":61,"column":3}},"line":51},"2":{"name":"refreshStatistics","decl":{"start":{"line":67,"column":17},"end":{"line":67,"column":34}},"loc":{"start":{"line":67,"column":52},"end":{"line":77,"column":3}},"line":67},"3":{"name":"sortEvents","decl":{"start":{"line":83,"column":17},"end":{"line":83,"column":27}},"loc":{"start":{"line":83,"column":68},"end":{"line":92,"column":3}},"line":83},"4":{"name":"searchEvents","decl":{"start":{"line":99,"column":17},"end":{"line":99,"column":29}},"loc":{"start":{"line":99,"column":63},"end":{"line":114,"column":3}},"line":99},"5":{"name":"(anonymous_5)","decl":{"start":{"line":119,"column":12},"end":{"line":119,"column":13}},"loc":{"start":{"line":119,"column":18},"end":{"line":121,"column":3}},"line":119},"6":{"name":"addEvent","decl":{"start":{"line":127,"column":17},"end":{"line":127,"column":25}},"loc":{"start":{"line":127,"column":64},"end":{"line":161,"column":3}},"line":127},"7":{"name":"(anonymous_7)","decl":{"start":{"line":138,"column":8},"end":{"line":138,"column":9}},"loc":{"start":{"line":139,"column":10},"end":{"line":142,"column":48}},"line":139},"8":{"name":"deleteEvent","decl":{"start":{"line":167,"column":17},"end":{"line":167,"column":28}},"loc":{"start":{"line":167,"column":56},"end":{"line":175,"column":3}},"line":167},"9":{"name":"updateEvent","decl":{"start":{"line":181,"column":17},"end":{"line":181,"column":28}},"loc":{"start":{"line":181,"column":71},"end":{"line":216,"column":3}},"line":181},"10":{"name":"(anonymous_10)","decl":{"start":{"line":192,"column":8},"end":{"line":192,"column":9}},"loc":{"start":{"line":193,"column":10},"end":{"line":197,"column":52}},"line":193},"11":{"name":"revertEvent","decl":{"start":{"line":222,"column":17},"end":{"line":222,"column":28}},"loc":{"start":{"line":222,"column":56},"end":{"line":235,"column":3}},"line":222},"12":{"name":"(anonymous_12)","decl":{"start":{"line":255,"column":23},"end":{"line":255,"column":24}},"loc":{"start":{"line":255,"column":29},"end":{"line":258,"column":15}},"line":255},"13":{"name":"(anonymous_13)","decl":{"start":{"line":299,"column":24},"end":{"line":299,"column":25}},"loc":{"start":{"line":299,"column":35},"end":{"line":299,"column":67}},"line":299},"14":{"name":"(anonymous_14)","decl":{"start":{"line":304,"column":24},"end":{"line":304,"column":25}},"loc":{"start":{"line":305,"column":16},"end":{"line":305,"column":66}},"line":305}},"branchMap":{"0":{"loc":{"start":{"line":103,"column":6},"end":{"line":106,"column":7}},"type":"if","locations":[{"start":{"line":103,"column":6},"end":{"line":106,"column":7}},{"start":{},"end":{}}],"line":103},"1":{"loc":{"start":{"line":139,"column":10},"end":{"line":142,"column":48}},"type":"binary-expr","locations":[{"start":{"line":139,"column":10},"end":{"line":140,"column":47}},{"start":{"line":141,"column":10},"end":{"line":141,"column":38}},{"start":{"line":142,"column":10},"end":{"line":142,"column":48}}],"line":139},"2":{"loc":{"start":{"line":145,"column":6},"end":{"line":153,"column":7}},"type":"if","locations":[{"start":{"line":145,"column":6},"end":{"line":153,"column":7}},{"start":{},"end":{}}],"line":145},"3":{"loc":{"start":{"line":193,"column":10},"end":{"line":197,"column":52}},"type":"binary-expr","locations":[{"start":{"line":193,"column":10},"end":{"line":193,"column":38}},{"start":{"line":194,"column":10},"end":{"line":195,"column":51}},{"start":{"line":196,"column":10},"end":{"line":196,"column":42}},{"start":{"line":197,"column":10},"end":{"line":197,"column":52}}],"line":193},"4":{"loc":{"start":{"line":200,"column":6},"end":{"line":208,"column":7}},"type":"if","locations":[{"start":{"line":200,"column":6},"end":{"line":208,"column":7}},{"start":{},"end":{}}],"line":200},"5":{"loc":{"start":{"line":246,"column":7},"end":{"line":264,"column":7}},"type":"binary-expr","locations":[{"start":{"line":246,"column":7},"end":{"line":246,"column":19}},{"start":{"line":247,"column":8},"end":{"line":263,"column":18}}],"line":246}},"s":{"0":0,"1":0,"2":0,"3":0,"4":0,"5":0,"6":0,"7":0,"8":0,"9":0,"10":0,"11":0,"12":0,"13":0,"14":0,"15":0,"16":0,"17":0,"18":0,"19":0,"20":0,"21":0,"22":0,"23":0,"24":0,"25":0,"26":0,"27":0,"28":0,"29":0,"30":0,"31":0,"32":0,"33":0,"34":0,"35":0,"36":0,"37":0,"38":0,"39":0,"40":0,"41":0,"42":0,"43":0,"44":0,"45":0,"46":0,"47":0,"48":0,"49":0,"50":0,"51":0,"52":0,"53":0,"54":0,"55":0,"56":0,"57":0,"58":0,"59":0,"60":0,"61":0,"62":0,"63":0,"64":0,"65":0,"66":0,"67":0,"68":0,"69":0,"70":0,"71":0,"72":0,"73":0},"f":{"0":0,"1":0,"2":0,"3":0,"4":0,"5":0,"6":0,"7":0,"8":0,"9":0,"10":0,"11":0,"12":0,"13":0,"14":0},"b":{"0":[0,0],"1":[0,0,0],"2":[0,0],"3":[0,0,0,0],"4":[0,0],"5":[0,0]}}
,"D:\\bcde211_campus_event_planner\\src\\main.tsx": {"path":"D:\\bcde211_campus_event_planner\\src\\main.tsx","statementMap":{"0":{"start":{"line":13,"column":0},"end":{"line":19,"column":1}}},"fnMap":{},"branchMap":{},"s":{"0":0},"f":{},"b":{}}
,"D:\\bcde211_campus_event_planner\\src\\components\\EventCard.tsx": {"path":"D:\\bcde211_campus_event_planner\\src\\components\\EventCard.tsx","statementMap":{"0":{"start":{"line":26,"column":66},"end":{"line":26,"column":71}},"1":{"start":{"line":31,"column":36},"end":{"line":31,"column":51}},"2":{"start":{"line":36,"column":40},"end":{"line":36,"column":68}},"3":{"start":{"line":45,"column":4},"end":{"line":48,"column":7}},"4":{"start":{"line":45,"column":33},"end":{"line":48,"column":5}},"5":{"start":{"line":55,"column":37},"end":{"line":57,"column":16}},"6":{"start":{"line":59,"column":33},"end":{"line":59,"column":75}},"7":{"start":{"line":62,"column":4},"end":{"line":62,"column":65}},"8":{"start":{"line":64,"column":2},"end":{"line":233,"column":3}},"9":{"start":{"line":73,"column":31},"end":{"line":73,"column":67}},"10":{"start":{"line":90,"column":29},"end":{"line":90,"column":64}},"11":{"start":{"line":107,"column":31},"end":{"line":107,"column":71}},"12":{"start":{"line":117,"column":31},"end":{"line":117,"column":69}},"13":{"start":{"line":141,"column":29},"end":{"line":141,"column":68}},"14":{"start":{"line":158,"column":14},"end":{"line":164,"column":15}},"15":{"start":{"line":162,"column":32},"end":{"line":162,"column":42}},"16":{"start":{"line":182,"column":16},"end":{"line":182,"column":37}},"17":{"start":{"line":183,"column":16},"end":{"line":183,"column":35}},"18":{"start":{"line":192,"column":16},"end":{"line":192,"column":37}},"19":{"start":{"line":194,"column":16},"end":{"line":194,"column":35}},"20":{"start":{"line":204,"column":16},"end":{"line":204,"column":28}},"21":{"start":{"line":206,"column":16},"end":{"line":206,"column":37}},"22":{"start":{"line":208,"column":16},"end":{"line":208,"column":35}},"23":{"start":{"line":218,"column":27},"end":{"line":218,"column":45}},"24":{"start":{"line":227,"column":25},"end":{"line":227,"column":37}}},"fnMap":{"0":{"name":"EventCard","decl":{"start":{"line":20,"column":24},"end":{"line":20,"column":33}},"loc":{"start":{"line":25,"column":19},"end":{"line":234,"column":1}},"line":25},"1":{"name":"updateField","decl":{"start":{"line":41,"column":11},"end":{"line":41,"column":22}},"loc":{"start":{"line":44,"column":10},"end":{"line":49,"column":3}},"line":44},"2":{"name":"(anonymous_2)","decl":{"start":{"line":45,"column":19},"end":{"line":45,"column":20}},"loc":{"start":{"line":45,"column":33},"end":{"line":48,"column":5}},"line":45},"3":{"name":"(anonymous_3)","decl":{"start":{"line":73,"column":24},"end":{"line":73,"column":25}},"loc":{"start":{"line":73,"column":31},"end":{"line":73,"column":67}},"line":73},"4":{"name":"(anonymous_4)","decl":{"start":{"line":90,"column":22},"end":{"line":90,"column":23}},"loc":{"start":{"line":90,"column":29},"end":{"line":90,"column":64}},"line":90},"5":{"name":"(anonymous_5)","decl":{"start":{"line":107,"column":24},"end":{"line":107,"column":25}},"loc":{"start":{"line":107,"column":31},"end":{"line":107,"column":71}},"line":107},"6":{"name":"(anonymous_6)","decl":{"start":{"line":117,"column":24},"end":{"line":117,"column":25}},"loc":{"start":{"line":117,"column":31},"end":{"line":117,"column":69}},"line":117},"7":{"name":"(anonymous_7)","decl":{"start":{"line":141,"column":22},"end":{"line":141,"column":23}},"loc":{"start":{"line":141,"column":29},"end":{"line":141,"column":68}},"line":141},"8":{"name":"(anonymous_8)","decl":{"start":{"line":157,"column":22},"end":{"line":157,"column":23}},"loc":{"start":{"line":158,"column":14},"end":{"line":164,"column":15}},"line":158},"9":{"name":"(anonymous_9)","decl":{"start":{"line":162,"column":23},"end":{"line":162,"column":24}},"loc":{"start":{"line":162,"column":32},"end":{"line":162,"column":42}},"line":162},"10":{"name":"(anonymous_10)","decl":{"start":{"line":181,"column":23},"end":{"line":181,"column":24}},"loc":{"start":{"line":181,"column":29},"end":{"line":184,"column":15}},"line":181},"11":{"name":"(anonymous_11)","decl":{"start":{"line":191,"column":23},"end":{"line":191,"column":24}},"loc":{"start":{"line":191,"column":29},"end":{"line":195,"column":15}},"line":191},"12":{"name":"(anonymous_12)","decl":{"start":{"line":203,"column":23},"end":{"line":203,"column":24}},"loc":{"start":{"line":203,"column":29},"end":{"line":209,"column":15}},"line":203},"13":{"name":"(anonymous_13)","decl":{"start":{"line":218,"column":21},"end":{"line":218,"column":22}},"loc":{"start":{"line":218,"column":27},"end":{"line":218,"column":45}},"line":218},"14":{"name":"(anonymous_14)","decl":{"start":{"line":227,"column":19},"end":{"line":227,"column":20}},"loc":{"start":{"line":227,"column":25},"end":{"line":227,"column":37}},"line":227}},"branchMap":{"0":{"loc":{"start":{"line":65,"column":32},"end":{"line":65,"column":58}},"type":"cond-expr","locations":[{"start":{"line":65,"column":44},"end":{"line":65,"column":53}},{"start":{"line":65,"column":56},"end":{"line":65,"column":58}}],"line":65},"1":{"loc":{"start":{"line":67,"column":9},"end":{"line":78,"column":9}},"type":"cond-expr","locations":[{"start":{"line":68,"column":10},"end":{"line":75,"column":16}},{"start":{"line":77,"column":10},"end":{"line":77,"column":26}}],"line":67},"2":{"loc":{"start":{"line":80,"column":9},"end":{"line":80,"column":62}},"type":"binary-expr","locations":[{"start":{"line":80,"column":9},"end":{"line":80,"column":19}},{"start":{"line":80,"column":23},"end":{"line":80,"column":62}}],"line":80},"3":{"loc":{"start":{"line":83,"column":7},"end":{"line":97,"column":7}},"type":"cond-expr","locations":[{"start":{"line":84,"column":8},"end":{"line":92,"column":14}},{"start":{"line":94,"column":8},"end":{"line":96,"column":12}}],"line":83},"4":{"loc":{"start":{"line":99,"column":7},"end":{"line":125,"column":7}},"type":"cond-expr","locations":[{"start":{"line":100,"column":8},"end":{"line":120,"column":11}},{"start":{"line":122,"column":8},"end":{"line":124,"column":12}}],"line":99},"5":{"loc":{"start":{"line":129,"column":9},"end":{"line":131,"column":32}},"type":"cond-expr","locations":[{"start":{"line":130,"column":12},"end":{"line":130,"column":43}},{"start":{"line":131,"column":12},"end":{"line":131,"column":32}}],"line":129},"6":{"loc":{"start":{"line":134,"column":7},"end":{"line":148,"column":7}},"type":"cond-expr","locations":[{"start":{"line":135,"column":8},"end":{"line":143,"column":14}},{"start":{"line":145,"column":8},"end":{"line":147,"column":12}}],"line":134},"7":{"loc":{"start":{"line":150,"column":7},"end":{"line":172,"column":7}},"type":"cond-expr","locations":[{"start":{"line":151,"column":8},"end":{"line":167,"column":14}},{"start":{"line":169,"column":8},"end":{"line":171,"column":12}}],"line":150},"8":{"loc":{"start":{"line":175,"column":9},"end":{"line":222,"column":9}},"type":"cond-expr","locations":[{"start":{"line":176,"column":10},"end":{"line":213,"column":13}},{"start":{"line":215,"column":10},"end":{"line":221,"column":19}}],"line":175}},"s":{"0":26,"1":26,"2":26,"3":16,"4":16,"5":26,"6":26,"7":26,"8":26,"9":16,"10":0,"11":0,"12":0,"13":0,"14":0,"15":0,"16":1,"17":1,"18":0,"19":0,"20":1,"21":1,"22":1,"23":3,"24":1},"f":{"0":26,"1":16,"2":16,"3":16,"4":0,"5":0,"6":0,"7":0,"8":0,"9":0,"10":1,"11":0,"12":1,"13":3,"14":1},"b":{"0":[19,7],"1":[19,7],"2":[26,7],"3":[19,7],"4":[19,7],"5":[26,0],"6":[19,7],"7":[19,7],"8":[19,7]},"_coverageSchema":"1a1c01bbd47fc00a2c39e90264f33305004495a9","hash":"adaef13c97524adeb3996636f5d82cbd59fd2b69"}
,"D:\\bcde211_campus_event_planner\\src\\components\\EventListSection.tsx": {"path":"D:\\bcde211_campus_event_planner\\src\\components\\EventListSection.tsx","statementMap":{"0":{"start":{"line":23,"column":2},"end":{"line":47,"column":3}},"1":{"start":{"line":36,"column":12},"end":{"line":42,"column":14}}},"fnMap":{"0":{"name":"EventListSection","decl":{"start":{"line":15,"column":24},"end":{"line":15,"column":40}},"loc":{"start":{"line":22,"column":26},"end":{"line":48,"column":1}},"line":22},"1":{"name":"(anonymous_1)","decl":{"start":{"line":35,"column":22},"end":{"line":35,"column":23}},"loc":{"start":{"line":36,"column":12},"end":{"line":42,"column":14}},"line":36}},"branchMap":{"0":{"loc":{"start":{"line":27,"column":7},"end":{"line":45,"column":7}},"type":"cond-expr","locations":[{"start":{"line":28,"column":8},"end":{"line":32,"column":12}},{"start":{"line":34,"column":8},"end":{"line":44,"column":14}}],"line":27},"1":{"loc":{"start":{"line":29,"column":11},"end":{"line":31,"column":38}},"type":"cond-expr","locations":[{"start":{"line":30,"column":14},"end":{"line":30,"column":69}},{"start":{"line":31,"column":14},"end":{"line":31,"column":38}}],"line":29}},"s":{"0":0,"1":0},"f":{"0":0,"1":0},"b":{"0":[0,0],"1":[0,0]}}
,"D:\\bcde211_campus_event_planner\\src\\components\\FooterNote.tsx": {"path":"D:\\bcde211_campus_event_planner\\src\\components\\FooterNote.tsx","statementMap":{"0":{"start":{"line":6,"column":2},"end":{"line":14,"column":3}}},"fnMap":{"0":{"name":"FooterNote","decl":{"start":{"line":5,"column":24},"end":{"line":5,"column":34}},"loc":{"start":{"line":5,"column":62},"end":{"line":15,"column":1}},"line":5}},"branchMap":{},"s":{"0":0},"f":{"0":0},"b":{}}
,"D:\\bcde211_campus_event_planner\\src\\components\\Form.tsx": {"path":"D:\\bcde211_campus_event_planner\\src\\components\\Form.tsx","statementMap":{"0":{"start":{"line":9,"column":28},"end":{"line":9,"column":46}},"1":{"start":{"line":10,"column":26},"end":{"line":10,"column":44}},"2":{"start":{"line":11,"column":36},"end":{"line":11,"column":54}},"3":{"start":{"line":12,"column":32},"end":{"line":12,"column":50}},"4":{"start":{"line":13,"column":34},"end":{"line":13,"column":52}},"5":{"start":{"line":14,"column":26},"end":{"line":14,"column":44}},"6":{"start":{"line":17,"column":4},"end":{"line":17,"column":22}},"7":{"start":{"line":19,"column":34},"end":{"line":32,"column":5}},"8":{"start":{"line":30,"column":22},"end":{"line":30,"column":32}},"9":{"start":{"line":34,"column":4},"end":{"line":34,"column":22}},"10":{"start":{"line":37,"column":4},"end":{"line":37,"column":16}},"11":{"start":{"line":38,"column":4},"end":{"line":38,"column":15}},"12":{"start":{"line":39,"column":4},"end":{"line":39,"column":20}},"13":{"start":{"line":40,"column":4},"end":{"line":40,"column":18}},"14":{"start":{"line":41,"column":4},"end":{"line":41,"column":19}},"15":{"start":{"line":42,"column":4},"end":{"line":42,"column":15}},"16":{"start":{"line":45,"column":2},"end":{"line":133,"column":3}},"17":{"start":{"line":62,"column":29},"end":{"line":62,"column":53}},"18":{"start":{"line":75,"column":31},"end":{"line":75,"column":54}},"19":{"start":{"line":87,"column":31},"end":{"line":87,"column":59}},"20":{"start":{"line":99,"column":31},"end":{"line":99,"column":57}},"21":{"start":{"line":113,"column":29},"end":{"line":113,"column":56}},"22":{"start":{"line":126,"column":29},"end":{"line":126,"column":52}}},"fnMap":{"0":{"name":"Form","decl":{"start":{"line":8,"column":24},"end":{"line":8,"column":28}},"loc":{"start":{"line":8,"column":54},"end":{"line":134,"column":1}},"line":8},"1":{"name":"handleSubmit","decl":{"start":{"line":16,"column":11},"end":{"line":16,"column":23}},"loc":{"start":{"line":16,"column":61},"end":{"line":43,"column":3}},"line":16},"2":{"name":"(anonymous_2)","decl":{"start":{"line":30,"column":13},"end":{"line":30,"column":14}},"loc":{"start":{"line":30,"column":22},"end":{"line":30,"column":32}},"line":30},"3":{"name":"(anonymous_3)","decl":{"start":{"line":62,"column":22},"end":{"line":62,"column":23}},"loc":{"start":{"line":62,"column":29},"end":{"line":62,"column":53}},"line":62},"4":{"name":"(anonymous_4)","decl":{"start":{"line":75,"column":24},"end":{"line":75,"column":25}},"loc":{"start":{"line":75,"column":31},"end":{"line":75,"column":54}},"line":75},"5":{"name":"(anonymous_5)","decl":{"start":{"line":87,"column":24},"end":{"line":87,"column":25}},"loc":{"start":{"line":87,"column":31},"end":{"line":87,"column":59}},"line":87},"6":{"name":"(anonymous_6)","decl":{"start":{"line":99,"column":24},"end":{"line":99,"column":25}},"loc":{"start":{"line":99,"column":31},"end":{"line":99,"column":57}},"line":99},"7":{"name":"(anonymous_7)","decl":{"start":{"line":113,"column":22},"end":{"line":113,"column":23}},"loc":{"start":{"line":113,"column":29},"end":{"line":113,"column":56}},"line":113},"8":{"name":"(anonymous_8)","decl":{"start":{"line":126,"column":22},"end":{"line":126,"column":23}},"loc":{"start":{"line":126,"column":29},"end":{"line":126,"column":52}},"line":126}},"branchMap":{},"s":{"0":0,"1":0,"2":0,"3":0,"4":0,"5":0,"6":0,"7":0,"8":0,"9":0,"10":0,"11":0,"12":0,"13":0,"14":0,"15":0,"16":0,"17":0,"18":0,"19":0,"20":0,"21":0,"22":0},"f":{"0":0,"1":0,"2":0,"3":0,"4":0,"5":0,"6":0,"7":0,"8":0},"b":{}}
,"D:\\bcde211_campus_event_planner\\src\\components\\OfflineBanner.tsx": {"path":"D:\\bcde211_campus_event_planner\\src\\components\\OfflineBanner.tsx","statementMap":{"0":{"start":{"line":4,"column":34},"end":{"line":4,"column":69}},"1":{"start":{"line":7,"column":2},"end":{"line":22,"column":8}},"2":{"start":{"line":9,"column":6},"end":{"line":9,"column":23}},"3":{"start":{"line":12,"column":6},"end":{"line":12,"column":24}},"4":{"start":{"line":15,"column":4},"end":{"line":15,"column":51}},"5":{"start":{"line":16,"column":4},"end":{"line":16,"column":53}},"6":{"start":{"line":18,"column":4},"end":{"line":21,"column":5}},"7":{"start":{"line":19,"column":6},"end":{"line":19,"column":56}},"8":{"start":{"line":20,"column":6},"end":{"line":20,"column":58}},"9":{"start":{"line":24,"column":2},"end":{"line":30,"column":16}},"10":{"start":{"line":25,"column":4},"end":{"line":29,"column":5}},"11":{"start":{"line":26,"column":6},"end":{"line":26,"column":47}},"12":{"start":{"line":28,"column":6},"end":{"line":28,"column":44}},"13":{"start":{"line":32,"column":2},"end":{"line":34,"column":3}},"14":{"start":{"line":33,"column":4},"end":{"line":33,"column":15}},"15":{"start":{"line":36,"column":2},"end":{"line":41,"column":3}}},"fnMap":{"0":{"name":"OfflineBanner","decl":{"start":{"line":3,"column":16},"end":{"line":3,"column":29}},"loc":{"start":{"line":3,"column":32},"end":{"line":42,"column":1}},"line":3},"1":{"name":"(anonymous_1)","decl":{"start":{"line":7,"column":12},"end":{"line":7,"column":13}},"loc":{"start":{"line":7,"column":18},"end":{"line":22,"column":3}},"line":7},"2":{"name":"handleOnline","decl":{"start":{"line":8,"column":13},"end":{"line":8,"column":25}},"loc":{"start":{"line":8,"column":28},"end":{"line":10,"column":5}},"line":8},"3":{"name":"handleOffline","decl":{"start":{"line":11,"column":13},"end":{"line":11,"column":26}},"loc":{"start":{"line":11,"column":29},"end":{"line":13,"column":5}},"line":11},"4":{"name":"(anonymous_4)","decl":{"start":{"line":18,"column":11},"end":{"line":18,"column":12}},"loc":{"start":{"line":18,"column":17},"end":{"line":21,"column":5}},"line":18},"5":{"name":"(anonymous_5)","decl":{"start":{"line":24,"column":12},"end":{"line":24,"column":13}},"loc":{"start":{"line":24,"column":18},"end":{"line":30,"column":3}},"line":24}},"branchMap":{"0":{"loc":{"start":{"line":25,"column":4},"end":{"line":29,"column":5}},"type":"if","locations":[{"start":{"line":25,"column":4},"end":{"line":29,"column":5}},{"start":{"line":27,"column":11},"end":{"line":29,"column":5}}],"line":25},"1":{"loc":{"start":{"line":32,"column":2},"end":{"line":34,"column":3}},"type":"if","locations":[{"start":{"line":32,"column":2},"end":{"line":34,"column":3}},{"start":{},"end":{}}],"line":32}},"s":{"0":0,"1":0,"2":0,"3":0,"4":0,"5":0,"6":0,"7":0,"8":0,"9":0,"10":0,"11":0,"12":0,"13":0,"14":0,"15":0},"f":{"0":0,"1":0,"2":0,"3":0,"4":0,"5":0},"b":{"0":[0,0],"1":[0,0]}}
,"D:\\bcde211_campus_event_planner\\src\\components\\PageHeader.tsx": {"path":"D:\\bcde211_campus_event_planner\\src\\components\\PageHeader.tsx","statementMap":{"0":{"start":{"line":7,"column":2},"end":{"line":24,"column":3}}},"fnMap":{"0":{"name":"PageHeader","decl":{"start":{"line":6,"column":24},"end":{"line":6,"column":34}},"loc":{"start":{"line":6,"column":73},"end":{"line":25,"column":1}},"line":6}},"branchMap":{},"s":{"0":0},"f":{"0":0},"b":{}}
,"D:\\bcde211_campus_event_planner\\src\\components\\StatisticsPanel.tsx": {"path":"D:\\bcde211_campus_event_planner\\src\\components\\StatisticsPanel.tsx","statementMap":{"0":{"start":{"line":12,"column":2},"end":{"line":42,"column":3}}},"fnMap":{"0":{"name":"StatisticsPanel","decl":{"start":{"line":8,"column":24},"end":{"line":8,"column":39}},"loc":{"start":{"line":11,"column":25},"end":{"line":43,"column":1}},"line":11}},"branchMap":{},"s":{"0":1},"f":{"0":1},"b":{},"_coverageSchema":"1a1c01bbd47fc00a2c39e90264f33305004495a9","hash":"85d7f2b07bc5535d54dd086e0d9aeb61eda18c50"}
,"D:\\bcde211_campus_event_planner\\src\\components\\ToggleMessage.tsx": {"path":"D:\\bcde211_campus_event_planner\\src\\components\\ToggleMessage.tsx","statementMap":{"0":{"start":{"line":5,"column":32},"end":{"line":5,"column":53}},"1":{"start":{"line":8,"column":4},"end":{"line":8,"column":37}},"2":{"start":{"line":8,"column":28},"end":{"line":8,"column":36}},"3":{"start":{"line":11,"column":2},"end":{"line":32,"column":3}}},"fnMap":{"0":{"name":"ToggleMessage","decl":{"start":{"line":4,"column":24},"end":{"line":4,"column":37}},"loc":{"start":{"line":4,"column":53},"end":{"line":33,"column":1}},"line":4},"1":{"name":"clickEventHandler","decl":{"start":{"line":7,"column":11},"end":{"line":7,"column":28}},"loc":{"start":{"line":7,"column":37},"end":{"line":9,"column":3}},"line":7},"2":{"name":"(anonymous_2)","decl":{"start":{"line":8,"column":15},"end":{"line":8,"column":16}},"loc":{"start":{"line":8,"column":28},"end":{"line":8,"column":36}},"line":8}},"branchMap":{"0":{"loc":{"start":{"line":18,"column":9},"end":{"line":18,"column":64}},"type":"cond-expr","locations":[{"start":{"line":18,"column":19},"end":{"line":18,"column":40}},{"start":{"line":18,"column":43},"end":{"line":18,"column":64}}],"line":18},"1":{"loc":{"start":{"line":21,"column":7},"end":{"line":30,"column":7}},"type":"binary-expr","locations":[{"start":{"line":21,"column":7},"end":{"line":21,"column":14}},{"start":{"line":22,"column":8},"end":{"line":29,"column":14}}],"line":21}},"s":{"0":0,"1":0,"2":0,"3":0},"f":{"0":0,"1":0,"2":0},"b":{"0":[0,0],"1":[0,0]}}
,"D:\\bcde211_campus_event_planner\\src\\model\\event.js": {"path":"D:\\bcde211_campus_event_planner\\src\\model\\event.js","statementMap":{"0":{"start":{"line":12,"column":4},"end":{"line":14,"column":5}},"1":{"start":{"line":13,"column":6},"end":{"line":13,"column":42}},"2":{"start":{"line":16,"column":4},"end":{"line":18,"column":5}},"3":{"start":{"line":17,"column":6},"end":{"line":17,"column":41}},"4":{"start":{"line":20,"column":4},"end":{"line":22,"column":5}},"5":{"start":{"line":21,"column":6},"end":{"line":21,"column":58}},"6":{"start":{"line":24,"column":4},"end":{"line":24,"column":17}},"7":{"start":{"line":25,"column":4},"end":{"line":25,"column":23}},"8":{"start":{"line":26,"column":4},"end":{"line":26,"column":21}},"9":{"start":{"line":27,"column":4},"end":{"line":27,"column":31}},"10":{"start":{"line":28,"column":4},"end":{"line":28,"column":27}},"11":{"start":{"line":29,"column":4},"end":{"line":29,"column":29}},"12":{"start":{"line":30,"column":4},"end":{"line":30,"column":21}},"13":{"start":{"line":34,"column":4},"end":{"line":34,"column":19}},"14":{"start":{"line":38,"column":4},"end":{"line":38,"column":17}},"15":{"start":{"line":42,"column":4},"end":{"line":42,"column":22}},"16":{"start":{"line":46,"column":4},"end":{"line":46,"column":21}},"17":{"start":{"line":50,"column":4},"end":{"line":50,"column":26}},"18":{"start":{"line":54,"column":4},"end":{"line":54,"column":24}},"19":{"start":{"line":58,"column":4},"end":{"line":58,"column":25}},"20":{"start":{"line":62,"column":4},"end":{"line":62,"column":21}},"21":{"start":{"line":66,"column":4},"end":{"line":69,"column":5}},"22":{"start":{"line":67,"column":6},"end":{"line":67,"column":62}},"23":{"start":{"line":67,"column":30},"end":{"line":67,"column":62}},"24":{"start":{"line":68,"column":6},"end":{"line":68,"column":30}},"25":{"start":{"line":71,"column":4},"end":{"line":71,"column":70}},"26":{"start":{"line":71,"column":38},"end":{"line":71,"column":70}},"27":{"start":{"line":72,"column":4},"end":{"line":72,"column":64}},"28":{"start":{"line":72,"column":36},"end":{"line":72,"column":64}},"29":{"start":{"line":74,"column":4},"end":{"line":76,"column":5}},"30":{"start":{"line":75,"column":6},"end":{"line":75,"column":43}},"31":{"start":{"line":78,"column":4},"end":{"line":78,"column":67}},"32":{"start":{"line":78,"column":37},"end":{"line":78,"column":67}},"33":{"start":{"line":79,"column":4},"end":{"line":79,"column":55}},"34":{"start":{"line":79,"column":33},"end":{"line":79,"column":55}},"35":{"start":{"line":84,"column":4},"end":{"line":84,"column":42}},"36":{"start":{"line":88,"column":4},"end":{"line":96,"column":5}},"37":{"start":{"line":100,"column":17},"end":{"line":107,"column":5}},"38":{"start":{"line":109,"column":4},"end":{"line":111,"column":5}},"39":{"start":{"line":110,"column":6},"end":{"line":110,"column":24}},"40":{"start":{"line":113,"column":4},"end":{"line":113,"column":15}}},"fnMap":{"0":{"name":"(anonymous_0)","decl":{"start":{"line":10,"column":2},"end":{"line":10,"column":3}},"loc":{"start":{"line":10,"column":77},"end":{"line":31,"column":3}},"line":10},"1":{"name":"(anonymous_1)","decl":{"start":{"line":33,"column":2},"end":{"line":33,"column":3}},"loc":{"start":{"line":33,"column":11},"end":{"line":35,"column":3}},"line":33},"2":{"name":"(anonymous_2)","decl":{"start":{"line":37,"column":2},"end":{"line":37,"column":3}},"loc":{"start":{"line":37,"column":13},"end":{"line":39,"column":3}},"line":37},"3":{"name":"(anonymous_3)","decl":{"start":{"line":41,"column":2},"end":{"line":41,"column":3}},"loc":{"start":{"line":41,"column":14},"end":{"line":43,"column":3}},"line":41},"4":{"name":"(anonymous_4)","decl":{"start":{"line":45,"column":2},"end":{"line":45,"column":3}},"loc":{"start":{"line":45,"column":13},"end":{"line":47,"column":3}},"line":45},"5":{"name":"(anonymous_5)","decl":{"start":{"line":49,"column":2},"end":{"line":49,"column":3}},"loc":{"start":{"line":49,"column":18},"end":{"line":51,"column":3}},"line":49},"6":{"name":"(anonymous_6)","decl":{"start":{"line":53,"column":2},"end":{"line":53,"column":3}},"loc":{"start":{"line":53,"column":16},"end":{"line":55,"column":3}},"line":53},"7":{"name":"(anonymous_7)","decl":{"start":{"line":57,"column":2},"end":{"line":57,"column":3}},"loc":{"start":{"line":57,"column":17},"end":{"line":59,"column":3}},"line":57},"8":{"name":"(anonymous_8)","decl":{"start":{"line":61,"column":2},"end":{"line":61,"column":3}},"loc":{"start":{"line":61,"column":13},"end":{"line":63,"column":3}},"line":61},"9":{"name":"(anonymous_9)","decl":{"start":{"line":65,"column":2},"end":{"line":65,"column":3}},"loc":{"start":{"line":65,"column":15},"end":{"line":80,"column":3}},"line":65},"10":{"name":"(anonymous_10)","decl":{"start":{"line":83,"column":2},"end":{"line":83,"column":3}},"loc":{"start":{"line":83,"column":16},"end":{"line":85,"column":3}},"line":83},"11":{"name":"(anonymous_11)","decl":{"start":{"line":87,"column":2},"end":{"line":87,"column":3}},"loc":{"start":{"line":87,"column":10},"end":{"line":97,"column":3}},"line":87},"12":{"name":"(anonymous_12)","decl":{"start":{"line":99,"column":2},"end":{"line":99,"column":3}},"loc":{"start":{"line":99,"column":18},"end":{"line":114,"column":3}},"line":99}},"branchMap":{"0":{"loc":{"start":{"line":10,"column":51},"end":{"line":10,"column":64}},"type":"default-arg","locations":[{"start":{"line":10,"column":62},"end":{"line":10,"column":64}}],"line":10},"1":{"loc":{"start":{"line":10,"column":66},"end":{"line":10,"column":75}},"type":"default-arg","locations":[{"start":{"line":10,"column":73},"end":{"line":10,"column":75}}],"line":10},"2":{"loc":{"start":{"line":12,"column":4},"end":{"line":14,"column":5}},"type":"if","locations":[{"start":{"line":12,"column":4},"end":{"line":14,"column":5}},{"start":{},"end":{}}],"line":12},"3":{"loc":{"start":{"line":12,"column":8},"end":{"line":12,"column":50}},"type":"binary-expr","locations":[{"start":{"line":12,"column":8},"end":{"line":12,"column":33}},{"start":{"line":12,"column":37},"end":{"line":12,"column":50}}],"line":12},"4":{"loc":{"start":{"line":16,"column":4},"end":{"line":18,"column":5}},"type":"if","locations":[{"start":{"line":16,"column":4},"end":{"line":18,"column":5}},{"start":{},"end":{}}],"line":16},"5":{"loc":{"start":{"line":20,"column":4},"end":{"line":22,"column":5}},"type":"if","locations":[{"start":{"line":20,"column":4},"end":{"line":22,"column":5}},{"start":{},"end":{}}],"line":20},"6":{"loc":{"start":{"line":66,"column":4},"end":{"line":69,"column":5}},"type":"if","locations":[{"start":{"line":66,"column":4},"end":{"line":69,"column":5}},{"start":{},"end":{}}],"line":66},"7":{"loc":{"start":{"line":67,"column":6},"end":{"line":67,"column":62}},"type":"if","locations":[{"start":{"line":67,"column":6},"end":{"line":67,"column":62}},{"start":{},"end":{}}],"line":67},"8":{"loc":{"start":{"line":71,"column":4},"end":{"line":71,"column":70}},"type":"if","locations":[{"start":{"line":71,"column":4},"end":{"line":71,"column":70}},{"start":{},"end":{}}],"line":71},"9":{"loc":{"start":{"line":72,"column":4},"end":{"line":72,"column":64}},"type":"if","locations":[{"start":{"line":72,"column":4},"end":{"line":72,"column":64}},{"start":{},"end":{}}],"line":72},"10":{"loc":{"start":{"line":74,"column":4},"end":{"line":76,"column":5}},"type":"if","locations":[{"start":{"line":74,"column":4},"end":{"line":76,"column":5}},{"start":{},"end":{}}],"line":74},"11":{"loc":{"start":{"line":78,"column":4},"end":{"line":78,"column":67}},"type":"if","locations":[{"start":{"line":78,"column":4},"end":{"line":78,"column":67}},{"start":{},"end":{}}],"line":78},"12":{"loc":{"start":{"line":79,"column":4},"end":{"line":79,"column":55}},"type":"if","locations":[{"start":{"line":79,"column":4},"end":{"line":79,"column":55}},{"start":{},"end":{}}],"line":79},"13":{"loc":{"start":{"line":109,"column":4},"end":{"line":111,"column":5}},"type":"if","locations":[{"start":{"line":109,"column":4},"end":{"line":111,"column":5}},{"start":{},"end":{}}],"line":109},"14":{"loc":{"start":{"line":109,"column":8},"end":{"line":109,"column":51}},"type":"binary-expr","locations":[{"start":{"line":109,"column":8},"end":{"line":109,"column":25}},{"start":{"line":109,"column":29},"end":{"line":109,"column":51}}],"line":109}},"s":{"0":64,"1":1,"2":63,"3":1,"4":62,"5":1,"6":61,"7":61,"8":61,"9":61,"10":61,"11":61,"12":61,"13":19,"14":18,"15":13,"16":2,"17":0,"18":0,"19":1,"20":2,"21":7,"22":4,"23":1,"24":3,"25":6,"26":1,"27":6,"28":1,"29":6,"30":1,"31":5,"32":1,"33":5,"34":1,"35":3,"36":30,"37":23,"38":23,"39":5,"40":23},"f":{"0":64,"1":19,"2":18,"3":13,"4":2,"5":0,"6":0,"7":1,"8":2,"9":7,"10":3,"11":30,"12":23},"b":{"0":[16],"1":[16],"2":[1,63],"3":[64,64],"4":[1,62],"5":[1,61],"6":[4,3],"7":[1,3],"8":[1,5],"9":[1,5],"10":[1,5],"11":[1,4],"12":[1,4],"13":[5,18],"14":[23,5]},"_coverageSchema":"1a1c01bbd47fc00a2c39e90264f33305004495a9","hash":"f3a3547eb8ea2a47a8605b8392935e312143e053"}
,"D:\\bcde211_campus_event_planner\\src\\model\\event_planner.js": {"path":"D:\\bcde211_campus_event_planner\\src\\model\\event_planner.js","statementMap":{"0":{"start":{"line":16,"column":4},"end":{"line":16,"column":33}},"1":{"start":{"line":17,"column":4},"end":{"line":17,"column":21}},"2":{"start":{"line":18,"column":4},"end":{"line":18,"column":28}},"3":{"start":{"line":31,"column":18},"end":{"line":39,"column":5}},"4":{"start":{"line":41,"column":18},"end":{"line":41,"column":67}},"5":{"start":{"line":42,"column":4},"end":{"line":42,"column":20}},"6":{"start":{"line":44,"column":4},"end":{"line":44,"column":36}},"7":{"start":{"line":45,"column":4},"end":{"line":45,"column":16}},"8":{"start":{"line":50,"column":21},"end":{"line":50,"column":58}},"9":{"start":{"line":50,"column":46},"end":{"line":50,"column":57}},"10":{"start":{"line":51,"column":4},"end":{"line":51,"column":41}},"11":{"start":{"line":51,"column":18},"end":{"line":51,"column":41}},"12":{"start":{"line":53,"column":16},"end":{"line":53,"column":50}},"13":{"start":{"line":54,"column":4},"end":{"line":54,"column":25}},"14":{"start":{"line":54,"column":14},"end":{"line":54,"column":25}},"15":{"start":{"line":56,"column":18},"end":{"line":64,"column":5}},"16":{"start":{"line":66,"column":4},"end":{"line":66,"column":36}},"17":{"start":{"line":67,"column":4},"end":{"line":67,"column":16}},"18":{"start":{"line":72,"column":4},"end":{"line":74,"column":5}},"19":{"start":{"line":73,"column":6},"end":{"line":73,"column":26}},"20":{"start":{"line":75,"column":4},"end":{"line":75,"column":45}},"21":{"start":{"line":75,"column":35},"end":{"line":75,"column":44}},"22":{"start":{"line":79,"column":17},"end":{"line":79,"column":48}},"23":{"start":{"line":81,"column":4},"end":{"line":92,"column":5}},"24":{"start":{"line":83,"column":8},"end":{"line":91,"column":9}},"25":{"start":{"line":94,"column":4},"end":{"line":94,"column":23}},"26":{"start":{"line":99,"column":4},"end":{"line":101,"column":5}},"27":{"start":{"line":100,"column":6},"end":{"line":100,"column":50}},"28":{"start":{"line":103,"column":18},"end":{"line":103,"column":66}},"29":{"start":{"line":103,"column":48},"end":{"line":103,"column":65}},"30":{"start":{"line":105,"column":4},"end":{"line":108,"column":5}},"31":{"start":{"line":107,"column":6},"end":{"line":107,"column":61}},"32":{"start":{"line":110,"column":4},"end":{"line":110,"column":56}},"33":{"start":{"line":112,"column":4},"end":{"line":116,"column":5}},"34":{"start":{"line":113,"column":6},"end":{"line":113,"column":41}},"35":{"start":{"line":115,"column":6},"end":{"line":115,"column":38}},"36":{"start":{"line":118,"column":4},"end":{"line":118,"column":16}},"37":{"start":{"line":123,"column":4},"end":{"line":125,"column":5}},"38":{"start":{"line":124,"column":6},"end":{"line":124,"column":40}},"39":{"start":{"line":127,"column":21},"end":{"line":127,"column":41}},"40":{"start":{"line":129,"column":18},"end":{"line":129,"column":60}},"41":{"start":{"line":129,"column":48},"end":{"line":129,"column":59}},"42":{"start":{"line":130,"column":4},"end":{"line":132,"column":5}},"43":{"start":{"line":131,"column":6},"end":{"line":131,"column":44}},"44":{"start":{"line":134,"column":4},"end":{"line":134,"column":19}},"45":{"start":{"line":139,"column":4},"end":{"line":139,"column":37}},"46":{"start":{"line":140,"column":4},"end":{"line":140,"column":58}},"47":{"start":{"line":140,"column":46},"end":{"line":140,"column":57}},"48":{"start":{"line":145,"column":4},"end":{"line":149,"column":5}},"49":{"start":{"line":147,"column":8},"end":{"line":148,"column":33}},"50":{"start":{"line":154,"column":4},"end":{"line":154,"column":69}},"51":{"start":{"line":154,"column":45},"end":{"line":154,"column":67}},"52":{"start":{"line":159,"column":4},"end":{"line":159,"column":30}},"53":{"start":{"line":163,"column":4},"end":{"line":163,"column":68}},"54":{"start":{"line":163,"column":43},"end":{"line":163,"column":64}}},"fnMap":{"0":{"name":"(anonymous_0)","decl":{"start":{"line":10,"column":2},"end":{"line":10,"column":3}},"loc":{"start":{"line":10,"column":26},"end":{"line":19,"column":3}},"line":10},"1":{"name":"(anonymous_1)","decl":{"start":{"line":30,"column":2},"end":{"line":30,"column":3}},"loc":{"start":{"line":30,"column":74},"end":{"line":46,"column":3}},"line":30},"2":{"name":"(anonymous_2)","decl":{"start":{"line":49,"column":2},"end":{"line":49,"column":3}},"loc":{"start":{"line":49,"column":20},"end":{"line":68,"column":3}},"line":49},"3":{"name":"(anonymous_3)","decl":{"start":{"line":50,"column":39},"end":{"line":50,"column":40}},"loc":{"start":{"line":50,"column":46},"end":{"line":50,"column":57}},"line":50},"4":{"name":"(anonymous_4)","decl":{"start":{"line":71,"column":2},"end":{"line":71,"column":3}},"loc":{"start":{"line":71,"column":17},"end":{"line":76,"column":3}},"line":71},"5":{"name":"(anonymous_5)","decl":{"start":{"line":75,"column":28},"end":{"line":75,"column":29}},"loc":{"start":{"line":75,"column":35},"end":{"line":75,"column":44}},"line":75},"6":{"name":"(anonymous_6)","decl":{"start":{"line":78,"column":2},"end":{"line":78,"column":3}},"loc":{"start":{"line":78,"column":18},"end":{"line":95,"column":3}},"line":78},"7":{"name":"(anonymous_7)","decl":{"start":{"line":82,"column":6},"end":{"line":82,"column":7}},"loc":{"start":{"line":83,"column":8},"end":{"line":91,"column":9}},"line":83},"8":{"name":"(anonymous_8)","decl":{"start":{"line":98,"column":2},"end":{"line":98,"column":3}},"loc":{"start":{"line":98,"column":22},"end":{"line":119,"column":3}},"line":98},"9":{"name":"(anonymous_9)","decl":{"start":{"line":103,"column":41},"end":{"line":103,"column":42}},"loc":{"start":{"line":103,"column":48},"end":{"line":103,"column":65}},"line":103},"10":{"name":"(anonymous_10)","decl":{"start":{"line":122,"column":2},"end":{"line":122,"column":3}},"loc":{"start":{"line":122,"column":13},"end":{"line":135,"column":3}},"line":122},"11":{"name":"(anonymous_11)","decl":{"start":{"line":129,"column":41},"end":{"line":129,"column":42}},"loc":{"start":{"line":129,"column":48},"end":{"line":129,"column":59}},"line":129},"12":{"name":"(anonymous_12)","decl":{"start":{"line":138,"column":2},"end":{"line":138,"column":3}},"loc":{"start":{"line":138,"column":19},"end":{"line":141,"column":3}},"line":138},"13":{"name":"(anonymous_13)","decl":{"start":{"line":140,"column":39},"end":{"line":140,"column":40}},"loc":{"start":{"line":140,"column":46},"end":{"line":140,"column":57}},"line":140},"14":{"name":"(anonymous_14)","decl":{"start":{"line":144,"column":2},"end":{"line":144,"column":3}},"loc":{"start":{"line":144,"column":17},"end":{"line":150,"column":3}},"line":144},"15":{"name":"(anonymous_15)","decl":{"start":{"line":146,"column":6},"end":{"line":146,"column":7}},"loc":{"start":{"line":147,"column":8},"end":{"line":148,"column":33}},"line":147},"16":{"name":"(anonymous_16)","decl":{"start":{"line":153,"column":2},"end":{"line":153,"column":3}},"loc":{"start":{"line":153,"column":20},"end":{"line":155,"column":3}},"line":153},"17":{"name":"(anonymous_17)","decl":{"start":{"line":154,"column":34},"end":{"line":154,"column":35}},"loc":{"start":{"line":154,"column":45},"end":{"line":154,"column":67}},"line":154},"18":{"name":"(anonymous_18)","decl":{"start":{"line":158,"column":2},"end":{"line":158,"column":3}},"loc":{"start":{"line":158,"column":19},"end":{"line":160,"column":3}},"line":158},"19":{"name":"(anonymous_19)","decl":{"start":{"line":162,"column":2},"end":{"line":162,"column":3}},"loc":{"start":{"line":162,"column":21},"end":{"line":164,"column":3}},"line":162},"20":{"name":"(anonymous_20)","decl":{"start":{"line":163,"column":31},"end":{"line":163,"column":32}},"loc":{"start":{"line":163,"column":43},"end":{"line":163,"column":64}},"line":163}},"branchMap":{"0":{"loc":{"start":{"line":30,"column":45},"end":{"line":30,"column":61}},"type":"default-arg","locations":[{"start":{"line":30,"column":56},"end":{"line":30,"column":61}}],"line":30},"1":{"loc":{"start":{"line":30,"column":63},"end":{"line":30,"column":72}},"type":"default-arg","locations":[{"start":{"line":30,"column":70},"end":{"line":30,"column":72}}],"line":30},"2":{"loc":{"start":{"line":51,"column":4},"end":{"line":51,"column":41}},"type":"if","locations":[{"start":{"line":51,"column":4},"end":{"line":51,"column":41}},{"start":{},"end":{}}],"line":51},"3":{"loc":{"start":{"line":54,"column":4},"end":{"line":54,"column":25}},"type":"if","locations":[{"start":{"line":54,"column":4},"end":{"line":54,"column":25}},{"start":{},"end":{}}],"line":54},"4":{"loc":{"start":{"line":72,"column":4},"end":{"line":74,"column":5}},"type":"if","locations":[{"start":{"line":72,"column":4},"end":{"line":74,"column":5}},{"start":{},"end":{}}],"line":72},"5":{"loc":{"start":{"line":81,"column":20},"end":{"line":81,"column":30}},"type":"binary-expr","locations":[{"start":{"line":81,"column":20},"end":{"line":81,"column":24}},{"start":{"line":81,"column":28},"end":{"line":81,"column":30}}],"line":81},"6":{"loc":{"start":{"line":99,"column":4},"end":{"line":101,"column":5}},"type":"if","locations":[{"start":{"line":99,"column":4},"end":{"line":101,"column":5}},{"start":{},"end":{}}],"line":99},"7":{"loc":{"start":{"line":99,"column":8},"end":{"line":99,"column":34}},"type":"binary-expr","locations":[{"start":{"line":99,"column":8},"end":{"line":99,"column":14}},{"start":{"line":99,"column":18},"end":{"line":99,"column":34}}],"line":99},"8":{"loc":{"start":{"line":105,"column":4},"end":{"line":108,"column":5}},"type":"if","locations":[{"start":{"line":105,"column":4},"end":{"line":108,"column":5}},{"start":{},"end":{}}],"line":105},"9":{"loc":{"start":{"line":112,"column":4},"end":{"line":116,"column":5}},"type":"if","locations":[{"start":{"line":112,"column":4},"end":{"line":116,"column":5}},{"start":{"line":114,"column":11},"end":{"line":116,"column":5}}],"line":112},"10":{"loc":{"start":{"line":123,"column":4},"end":{"line":125,"column":5}},"type":"if","locations":[{"start":{"line":123,"column":4},"end":{"line":125,"column":5}},{"start":{},"end":{}}],"line":123},"11":{"loc":{"start":{"line":130,"column":4},"end":{"line":132,"column":5}},"type":"if","locations":[{"start":{"line":130,"column":4},"end":{"line":132,"column":5}},{"start":{},"end":{}}],"line":130},"12":{"loc":{"start":{"line":147,"column":8},"end":{"line":148,"column":33}},"type":"binary-expr","locations":[{"start":{"line":147,"column":8},"end":{"line":147,"column":62}},{"start":{"line":148,"column":8},"end":{"line":148,"column":33}}],"line":147},"13":{"loc":{"start":{"line":153,"column":7},"end":{"line":153,"column":18}},"type":"default-arg","locations":[{"start":{"line":153,"column":12},"end":{"line":153,"column":18}}],"line":153},"14":{"loc":{"start":{"line":154,"column":45},"end":{"line":154,"column":67}},"type":"cond-expr","locations":[{"start":{"line":154,"column":61},"end":{"line":154,"column":62}},{"start":{"line":154,"column":65},"end":{"line":154,"column":67}}],"line":154}},"s":{"0":23,"1":23,"2":23,"3":17,"4":17,"5":17,"6":17,"7":17,"8":3,"9":1,"10":3,"11":1,"12":2,"13":2,"14":1,"15":1,"16":1,"17":1,"18":4,"19":1,"20":4,"21":4,"22":1,"23":1,"24":1,"25":1,"26":4,"27":1,"28":3,"29":2,"30":3,"31":2,"32":3,"33":3,"34":2,"35":1,"36":3,"37":2,"38":1,"39":1,"40":1,"41":1,"42":1,"43":1,"44":1,"45":2,"46":2,"47":1,"48":3,"49":3,"50":2,"51":2,"52":1,"53":2,"54":2},"f":{"0":23,"1":17,"2":3,"3":1,"4":4,"5":4,"6":1,"7":1,"8":4,"9":2,"10":2,"11":1,"12":2,"13":1,"14":3,"15":3,"16":2,"17":2,"18":1,"19":2,"20":2},"b":{"0":[16],"1":[16],"2":[1,2],"3":[1,1],"4":[1,3],"5":[1,0],"6":[1,3],"7":[4,4],"8":[2,1],"9":[2,1],"10":[1,1],"11":[1,0],"12":[3,1],"13":[0],"14":[0,2]},"_coverageSchema":"1a1c01bbd47fc00a2c39e90264f33305004495a9","hash":"1ed62c845fc5fdc1cff64a0c709e67781181d1d5"}
,"D:\\bcde211_campus_event_planner\\src\\pwa\\register_service_worker.js": {"path":"D:\\bcde211_campus_event_planner\\src\\pwa\\register_service_worker.js","statementMap":{"0":{"start":{"line":2,"column":2},"end":{"line":5,"column":3}},"1":{"start":{"line":3,"column":4},"end":{"line":3,"column":69}},"2":{"start":{"line":4,"column":4},"end":{"line":4,"column":10}},"3":{"start":{"line":7,"column":2},"end":{"line":16,"column":4}},"4":{"start":{"line":8,"column":4},"end":{"line":15,"column":5}},"5":{"start":{"line":10,"column":8},"end":{"line":10,"column":68}},"6":{"start":{"line":12,"column":6},"end":{"line":12,"column":67}},"7":{"start":{"line":14,"column":6},"end":{"line":14,"column":65}},"8":{"start":{"line":19,"column":0},"end":{"line":36,"column":1}},"9":{"start":{"line":20,"column":2},"end":{"line":35,"column":4}},"10":{"start":{"line":21,"column":4},"end":{"line":34,"column":8}},"11":{"start":{"line":24,"column":8},"end":{"line":27,"column":9}},"12":{"start":{"line":30,"column":8},"end":{"line":33,"column":9}}},"fnMap":{"0":{"name":"registerServiceWorker","decl":{"start":{"line":1,"column":16},"end":{"line":1,"column":37}},"loc":{"start":{"line":1,"column":40},"end":{"line":17,"column":1}},"line":1},"1":{"name":"(anonymous_1)","decl":{"start":{"line":7,"column":34},"end":{"line":7,"column":35}},"loc":{"start":{"line":7,"column":46},"end":{"line":16,"column":3}},"line":7},"2":{"name":"(anonymous_2)","decl":{"start":{"line":20,"column":34},"end":{"line":20,"column":35}},"loc":{"start":{"line":20,"column":40},"end":{"line":35,"column":3}},"line":20},"3":{"name":"(anonymous_3)","decl":{"start":{"line":23,"column":12},"end":{"line":23,"column":13}},"loc":{"start":{"line":23,"column":30},"end":{"line":28,"column":7}},"line":23},"4":{"name":"(anonymous_4)","decl":{"start":{"line":29,"column":13},"end":{"line":29,"column":14}},"loc":{"start":{"line":29,"column":24},"end":{"line":34,"column":7}},"line":29}},"branchMap":{"0":{"loc":{"start":{"line":2,"column":2},"end":{"line":5,"column":3}},"type":"if","locations":[{"start":{"line":2,"column":2},"end":{"line":5,"column":3}},{"start":{},"end":{}}],"line":2},"1":{"loc":{"start":{"line":19,"column":0},"end":{"line":36,"column":1}},"type":"if","locations":[{"start":{"line":19,"column":0},"end":{"line":36,"column":1}},{"start":{},"end":{}}],"line":19}},"s":{"0":0,"1":0,"2":0,"3":0,"4":0,"5":0,"6":0,"7":0,"8":0,"9":0,"10":0,"11":0,"12":0},"f":{"0":0,"1":0,"2":0,"3":0,"4":0},"b":{"0":[0,0],"1":[0,0]}}
,"D:\\bcde211_campus_event_planner\\src\\repo\\indexeddb_event_repository.js": {"path":"D:\\bcde211_campus_event_planner\\src\\repo\\indexeddb_event_repository.js","statementMap":{"0":{"start":{"line":14,"column":20},"end":{"line":14,"column":24}},"1":{"start":{"line":17,"column":4},"end":{"line":17,"column":11}},"2":{"start":{"line":18,"column":4},"end":{"line":18,"column":41}},"3":{"start":{"line":19,"column":4},"end":{"line":19,"column":30}},"4":{"start":{"line":20,"column":4},"end":{"line":20,"column":19}},"5":{"start":{"line":21,"column":4},"end":{"line":21,"column":21}},"6":{"start":{"line":30,"column":4},"end":{"line":57,"column":6}},"7":{"start":{"line":31,"column":22},"end":{"line":31,"column":65}},"8":{"start":{"line":33,"column":6},"end":{"line":33,"column":51}},"9":{"start":{"line":33,"column":30},"end":{"line":33,"column":51}},"10":{"start":{"line":37,"column":6},"end":{"line":46,"column":7}},"11":{"start":{"line":38,"column":19},"end":{"line":38,"column":38}},"12":{"start":{"line":40,"column":8},"end":{"line":45,"column":9}},"13":{"start":{"line":41,"column":10},"end":{"line":44,"column":12}},"14":{"start":{"line":48,"column":6},"end":{"line":56,"column":7}},"15":{"start":{"line":49,"column":8},"end":{"line":49,"column":33}},"16":{"start":{"line":53,"column":8},"end":{"line":53,"column":35}},"17":{"start":{"line":55,"column":8},"end":{"line":55,"column":25}},"18":{"start":{"line":66,"column":4},"end":{"line":70,"column":5}},"19":{"start":{"line":67,"column":6},"end":{"line":67,"column":22}},"20":{"start":{"line":68,"column":6},"end":{"line":68,"column":21}},"21":{"start":{"line":69,"column":6},"end":{"line":69,"column":33}},"22":{"start":{"line":78,"column":4},"end":{"line":78,"column":24}},"23":{"start":{"line":78,"column":18},"end":{"line":78,"column":24}},"24":{"start":{"line":80,"column":4},"end":{"line":82,"column":5}},"25":{"start":{"line":81,"column":6},"end":{"line":81,"column":40}},"26":{"start":{"line":84,"column":4},"end":{"line":84,"column":30}},"27":{"start":{"line":96,"column":4},"end":{"line":96,"column":25}},"28":{"start":{"line":98,"column":4},"end":{"line":128,"column":6}},"29":{"start":{"line":99,"column":28},"end":{"line":99,"column":55}},"30":{"start":{"line":101,"column":6},"end":{"line":103,"column":7}},"31":{"start":{"line":102,"column":8},"end":{"line":102,"column":39}},"32":{"start":{"line":107,"column":35},"end":{"line":107,"column":39}},"33":{"start":{"line":113,"column":22},"end":{"line":113,"column":37}},"34":{"start":{"line":115,"column":20},"end":{"line":115,"column":25}},"35":{"start":{"line":116,"column":19},"end":{"line":121,"column":7}},"36":{"start":{"line":117,"column":8},"end":{"line":120,"column":9}},"37":{"start":{"line":118,"column":10},"end":{"line":118,"column":24}},"38":{"start":{"line":119,"column":10},"end":{"line":119,"column":21}},"39":{"start":{"line":123,"column":6},"end":{"line":123,"column":39}},"40":{"start":{"line":123,"column":25},"end":{"line":123,"column":39}},"41":{"start":{"line":124,"column":6},"end":{"line":124,"column":49}},"42":{"start":{"line":124,"column":30},"end":{"line":124,"column":49}},"43":{"start":{"line":125,"column":6},"end":{"line":127,"column":7}},"44":{"start":{"line":126,"column":8},"end":{"line":126,"column":31}},"45":{"start":{"line":140,"column":15},"end":{"line":140,"column":58}},"46":{"start":{"line":141,"column":18},"end":{"line":141,"column":49}},"47":{"start":{"line":142,"column":4},"end":{"line":142,"column":24}},"48":{"start":{"line":146,"column":4},"end":{"line":146,"column":25}},"49":{"start":{"line":147,"column":4},"end":{"line":174,"column":6}},"50":{"start":{"line":148,"column":28},"end":{"line":148,"column":44}},"51":{"start":{"line":153,"column":22},"end":{"line":153,"column":35}},"52":{"start":{"line":157,"column":20},"end":{"line":157,"column":25}},"53":{"start":{"line":158,"column":19},"end":{"line":163,"column":7}},"54":{"start":{"line":159,"column":8},"end":{"line":162,"column":9}},"55":{"start":{"line":160,"column":10},"end":{"line":160,"column":24}},"56":{"start":{"line":161,"column":10},"end":{"line":161,"column":21}},"57":{"start":{"line":164,"column":6},"end":{"line":164,"column":39}},"58":{"start":{"line":164,"column":25},"end":{"line":164,"column":39}},"59":{"start":{"line":165,"column":6},"end":{"line":165,"column":49}},"60":{"start":{"line":165,"column":30},"end":{"line":165,"column":49}},"61":{"start":{"line":170,"column":6},"end":{"line":173,"column":7}},"62":{"start":{"line":171,"column":23},"end":{"line":171,"column":37}},"63":{"start":{"line":172,"column":8},"end":{"line":172,"column":46}},"64":{"start":{"line":178,"column":4},"end":{"line":178,"column":25}},"65":{"start":{"line":180,"column":4},"end":{"line":204,"column":6}},"66":{"start":{"line":181,"column":28},"end":{"line":181,"column":44}},"67":{"start":{"line":186,"column":22},"end":{"line":186,"column":36}},"68":{"start":{"line":189,"column":20},"end":{"line":189,"column":25}},"69":{"start":{"line":190,"column":19},"end":{"line":195,"column":7}},"70":{"start":{"line":191,"column":8},"end":{"line":194,"column":9}},"71":{"start":{"line":192,"column":10},"end":{"line":192,"column":24}},"72":{"start":{"line":193,"column":10},"end":{"line":193,"column":21}},"73":{"start":{"line":196,"column":6},"end":{"line":196,"column":39}},"74":{"start":{"line":196,"column":25},"end":{"line":196,"column":39}},"75":{"start":{"line":197,"column":6},"end":{"line":197,"column":49}},"76":{"start":{"line":197,"column":30},"end":{"line":197,"column":49}},"77":{"start":{"line":199,"column":6},"end":{"line":203,"column":7}},"78":{"start":{"line":200,"column":23},"end":{"line":200,"column":43}},"79":{"start":{"line":202,"column":8},"end":{"line":202,"column":52}},"80":{"start":{"line":202,"column":38},"end":{"line":202,"column":49}},"81":{"start":{"line":208,"column":4},"end":{"line":208,"column":25}},"82":{"start":{"line":210,"column":4},"end":{"line":212,"column":5}},"83":{"start":{"line":211,"column":6},"end":{"line":211,"column":50}},"84":{"start":{"line":214,"column":4},"end":{"line":250,"column":6}},"85":{"start":{"line":215,"column":28},"end":{"line":215,"column":55}},"86":{"start":{"line":222,"column":22},"end":{"line":222,"column":40}},"87":{"start":{"line":224,"column":20},"end":{"line":224,"column":25}},"88":{"start":{"line":225,"column":19},"end":{"line":230,"column":7}},"89":{"start":{"line":226,"column":8},"end":{"line":229,"column":9}},"90":{"start":{"line":227,"column":10},"end":{"line":227,"column":24}},"91":{"start":{"line":228,"column":10},"end":{"line":228,"column":21}},"92":{"start":{"line":231,"column":6},"end":{"line":231,"column":39}},"93":{"start":{"line":231,"column":25},"end":{"line":231,"column":39}},"94":{"start":{"line":232,"column":6},"end":{"line":232,"column":49}},"95":{"start":{"line":232,"column":30},"end":{"line":232,"column":49}},"96":{"start":{"line":234,"column":6},"end":{"line":249,"column":7}},"97":{"start":{"line":235,"column":25},"end":{"line":235,"column":39}},"98":{"start":{"line":237,"column":8},"end":{"line":240,"column":9}},"99":{"start":{"line":238,"column":10},"end":{"line":238,"column":71}},"100":{"start":{"line":239,"column":10},"end":{"line":239,"column":16}},"101":{"start":{"line":242,"column":23},"end":{"line":242,"column":34}},"102":{"start":{"line":245,"column":27},"end":{"line":245,"column":44}},"103":{"start":{"line":247,"column":8},"end":{"line":247,"column":59}},"104":{"start":{"line":247,"column":35},"end":{"line":247,"column":59}},"105":{"start":{"line":248,"column":8},"end":{"line":248,"column":59}},"106":{"start":{"line":248,"column":37},"end":{"line":248,"column":59}},"107":{"start":{"line":254,"column":4},"end":{"line":254,"column":25}},"108":{"start":{"line":256,"column":4},"end":{"line":274,"column":6}},"109":{"start":{"line":257,"column":28},"end":{"line":257,"column":55}},"110":{"start":{"line":261,"column":22},"end":{"line":261,"column":38}},"111":{"start":{"line":263,"column":20},"end":{"line":263,"column":25}},"112":{"start":{"line":264,"column":19},"end":{"line":269,"column":7}},"113":{"start":{"line":265,"column":8},"end":{"line":268,"column":9}},"114":{"start":{"line":266,"column":10},"end":{"line":266,"column":24}},"115":{"start":{"line":267,"column":10},"end":{"line":267,"column":21}},"116":{"start":{"line":270,"column":6},"end":{"line":270,"column":39}},"117":{"start":{"line":270,"column":25},"end":{"line":270,"column":39}},"118":{"start":{"line":271,"column":6},"end":{"line":271,"column":49}},"119":{"start":{"line":271,"column":30},"end":{"line":271,"column":49}},"120":{"start":{"line":273,"column":6},"end":{"line":273,"column":41}},"121":{"start":{"line":273,"column":32},"end":{"line":273,"column":41}}},"fnMap":{"0":{"name":"(anonymous_0)","decl":{"start":{"line":16,"column":2},"end":{"line":16,"column":3}},"loc":{"start":{"line":16,"column":16},"end":{"line":22,"column":3}},"line":16},"1":{"name":"(anonymous_1)","decl":{"start":{"line":29,"column":2},"end":{"line":29,"column":3}},"loc":{"start":{"line":29,"column":9},"end":{"line":58,"column":3}},"line":29},"2":{"name":"(anonymous_2)","decl":{"start":{"line":30,"column":23},"end":{"line":30,"column":24}},"loc":{"start":{"line":30,"column":44},"end":{"line":57,"column":5}},"line":30},"3":{"name":"(anonymous_3)","decl":{"start":{"line":33,"column":24},"end":{"line":33,"column":25}},"loc":{"start":{"line":33,"column":30},"end":{"line":33,"column":51}},"line":33},"4":{"name":"(anonymous_4)","decl":{"start":{"line":37,"column":32},"end":{"line":37,"column":33}},"loc":{"start":{"line":37,"column":43},"end":{"line":46,"column":7}},"line":37},"5":{"name":"(anonymous_5)","decl":{"start":{"line":48,"column":26},"end":{"line":48,"column":27}},"loc":{"start":{"line":48,"column":32},"end":{"line":56,"column":7}},"line":48},"6":{"name":"(anonymous_6)","decl":{"start":{"line":65,"column":2},"end":{"line":65,"column":3}},"loc":{"start":{"line":65,"column":10},"end":{"line":71,"column":3}},"line":65},"7":{"name":"(anonymous_7)","decl":{"start":{"line":77,"column":2},"end":{"line":77,"column":3}},"loc":{"start":{"line":77,"column":19},"end":{"line":85,"column":3}},"line":77},"8":{"name":"(anonymous_8)","decl":{"start":{"line":95,"column":2},"end":{"line":95,"column":3}},"loc":{"start":{"line":95,"column":18},"end":{"line":129,"column":3}},"line":95},"9":{"name":"(anonymous_9)","decl":{"start":{"line":98,"column":23},"end":{"line":98,"column":24}},"loc":{"start":{"line":98,"column":44},"end":{"line":128,"column":5}},"line":98},"10":{"name":"(anonymous_10)","decl":{"start":{"line":116,"column":19},"end":{"line":116,"column":20}},"loc":{"start":{"line":116,"column":28},"end":{"line":121,"column":7}},"line":116},"11":{"name":"(anonymous_11)","decl":{"start":{"line":123,"column":19},"end":{"line":123,"column":20}},"loc":{"start":{"line":123,"column":25},"end":{"line":123,"column":39}},"line":123},"12":{"name":"(anonymous_12)","decl":{"start":{"line":124,"column":24},"end":{"line":124,"column":25}},"loc":{"start":{"line":124,"column":30},"end":{"line":124,"column":49}},"line":124},"13":{"name":"(anonymous_13)","decl":{"start":{"line":125,"column":26},"end":{"line":125,"column":27}},"loc":{"start":{"line":125,"column":32},"end":{"line":127,"column":7}},"line":125},"14":{"name":"(anonymous_14)","decl":{"start":{"line":145,"column":2},"end":{"line":145,"column":3}},"loc":{"start":{"line":145,"column":20},"end":{"line":175,"column":3}},"line":145},"15":{"name":"(anonymous_15)","decl":{"start":{"line":147,"column":23},"end":{"line":147,"column":24}},"loc":{"start":{"line":147,"column":44},"end":{"line":174,"column":5}},"line":147},"16":{"name":"(anonymous_16)","decl":{"start":{"line":158,"column":19},"end":{"line":158,"column":20}},"loc":{"start":{"line":158,"column":28},"end":{"line":163,"column":7}},"line":158},"17":{"name":"(anonymous_17)","decl":{"start":{"line":164,"column":19},"end":{"line":164,"column":20}},"loc":{"start":{"line":164,"column":25},"end":{"line":164,"column":39}},"line":164},"18":{"name":"(anonymous_18)","decl":{"start":{"line":165,"column":24},"end":{"line":165,"column":25}},"loc":{"start":{"line":165,"column":30},"end":{"line":165,"column":49}},"line":165},"19":{"name":"(anonymous_19)","decl":{"start":{"line":170,"column":26},"end":{"line":170,"column":27}},"loc":{"start":{"line":170,"column":32},"end":{"line":173,"column":7}},"line":170},"20":{"name":"(anonymous_20)","decl":{"start":{"line":177,"column":2},"end":{"line":177,"column":3}},"loc":{"start":{"line":177,"column":17},"end":{"line":205,"column":3}},"line":177},"21":{"name":"(anonymous_21)","decl":{"start":{"line":180,"column":23},"end":{"line":180,"column":24}},"loc":{"start":{"line":180,"column":44},"end":{"line":204,"column":5}},"line":180},"22":{"name":"(anonymous_22)","decl":{"start":{"line":190,"column":19},"end":{"line":190,"column":20}},"loc":{"start":{"line":190,"column":28},"end":{"line":195,"column":7}},"line":190},"23":{"name":"(anonymous_23)","decl":{"start":{"line":196,"column":19},"end":{"line":196,"column":20}},"loc":{"start":{"line":196,"column":25},"end":{"line":196,"column":39}},"line":196},"24":{"name":"(anonymous_24)","decl":{"start":{"line":197,"column":24},"end":{"line":197,"column":25}},"loc":{"start":{"line":197,"column":30},"end":{"line":197,"column":49}},"line":197},"25":{"name":"(anonymous_25)","decl":{"start":{"line":199,"column":26},"end":{"line":199,"column":27}},"loc":{"start":{"line":199,"column":32},"end":{"line":203,"column":7}},"line":199},"26":{"name":"(anonymous_26)","decl":{"start":{"line":202,"column":27},"end":{"line":202,"column":28}},"loc":{"start":{"line":202,"column":38},"end":{"line":202,"column":49}},"line":202},"27":{"name":"(anonymous_27)","decl":{"start":{"line":207,"column":2},"end":{"line":207,"column":3}},"loc":{"start":{"line":207,"column":21},"end":{"line":251,"column":3}},"line":207},"28":{"name":"(anonymous_28)","decl":{"start":{"line":214,"column":23},"end":{"line":214,"column":24}},"loc":{"start":{"line":214,"column":44},"end":{"line":250,"column":5}},"line":214},"29":{"name":"(anonymous_29)","decl":{"start":{"line":225,"column":19},"end":{"line":225,"column":20}},"loc":{"start":{"line":225,"column":28},"end":{"line":230,"column":7}},"line":225},"30":{"name":"(anonymous_30)","decl":{"start":{"line":231,"column":19},"end":{"line":231,"column":20}},"loc":{"start":{"line":231,"column":25},"end":{"line":231,"column":39}},"line":231},"31":{"name":"(anonymous_31)","decl":{"start":{"line":232,"column":24},"end":{"line":232,"column":25}},"loc":{"start":{"line":232,"column":30},"end":{"line":232,"column":49}},"line":232},"32":{"name":"(anonymous_32)","decl":{"start":{"line":234,"column":26},"end":{"line":234,"column":27}},"loc":{"start":{"line":234,"column":32},"end":{"line":249,"column":7}},"line":234},"33":{"name":"(anonymous_33)","decl":{"start":{"line":247,"column":29},"end":{"line":247,"column":30}},"loc":{"start":{"line":247,"column":35},"end":{"line":247,"column":59}},"line":247},"34":{"name":"(anonymous_34)","decl":{"start":{"line":248,"column":31},"end":{"line":248,"column":32}},"loc":{"start":{"line":248,"column":37},"end":{"line":248,"column":59}},"line":248},"35":{"name":"(anonymous_35)","decl":{"start":{"line":253,"column":2},"end":{"line":253,"column":3}},"loc":{"start":{"line":253,"column":19},"end":{"line":275,"column":3}},"line":253},"36":{"name":"(anonymous_36)","decl":{"start":{"line":256,"column":23},"end":{"line":256,"column":24}},"loc":{"start":{"line":256,"column":44},"end":{"line":274,"column":5}},"line":256},"37":{"name":"(anonymous_37)","decl":{"start":{"line":264,"column":19},"end":{"line":264,"column":20}},"loc":{"start":{"line":264,"column":28},"end":{"line":269,"column":7}},"line":264},"38":{"name":"(anonymous_38)","decl":{"start":{"line":270,"column":19},"end":{"line":270,"column":20}},"loc":{"start":{"line":270,"column":25},"end":{"line":270,"column":39}},"line":270},"39":{"name":"(anonymous_39)","decl":{"start":{"line":271,"column":24},"end":{"line":271,"column":25}},"loc":{"start":{"line":271,"column":30},"end":{"line":271,"column":49}},"line":271},"40":{"name":"(anonymous_40)","decl":{"start":{"line":273,"column":26},"end":{"line":273,"column":27}},"loc":{"start":{"line":273,"column":32},"end":{"line":273,"column":41}},"line":273}},"branchMap":{"0":{"loc":{"start":{"line":40,"column":8},"end":{"line":45,"column":9}},"type":"if","locations":[{"start":{"line":40,"column":8},"end":{"line":45,"column":9}},{"start":{},"end":{}}],"line":40},"1":{"loc":{"start":{"line":66,"column":4},"end":{"line":70,"column":5}},"type":"if","locations":[{"start":{"line":66,"column":4},"end":{"line":70,"column":5}},{"start":{},"end":{}}],"line":66},"2":{"loc":{"start":{"line":78,"column":4},"end":{"line":78,"column":24}},"type":"if","locations":[{"start":{"line":78,"column":4},"end":{"line":78,"column":24}},{"start":{},"end":{}}],"line":78},"3":{"loc":{"start":{"line":80,"column":4},"end":{"line":82,"column":5}},"type":"if","locations":[{"start":{"line":80,"column":4},"end":{"line":82,"column":5}},{"start":{},"end":{}}],"line":80},"4":{"loc":{"start":{"line":101,"column":6},"end":{"line":103,"column":7}},"type":"if","locations":[{"start":{"line":101,"column":6},"end":{"line":103,"column":7}},{"start":{},"end":{}}],"line":101},"5":{"loc":{"start":{"line":101,"column":10},"end":{"line":101,"column":43}},"type":"binary-expr","locations":[{"start":{"line":101,"column":10},"end":{"line":101,"column":15}},{"start":{"line":101,"column":19},"end":{"line":101,"column":43}}],"line":101},"6":{"loc":{"start":{"line":117,"column":8},"end":{"line":120,"column":9}},"type":"if","locations":[{"start":{"line":117,"column":8},"end":{"line":120,"column":9}},{"start":{},"end":{}}],"line":117},"7":{"loc":{"start":{"line":136,"column":12},"end":{"line":136,"column":29}},"type":"default-arg","locations":[{"start":{"line":136,"column":19},"end":{"line":136,"column":29}}],"line":136},"8":{"loc":{"start":{"line":159,"column":8},"end":{"line":162,"column":9}},"type":"if","locations":[{"start":{"line":159,"column":8},"end":{"line":162,"column":9}},{"start":{},"end":{}}],"line":159},"9":{"loc":{"start":{"line":172,"column":16},"end":{"line":172,"column":45}},"type":"cond-expr","locations":[{"start":{"line":172,"column":25},"end":{"line":172,"column":38}},{"start":{"line":172,"column":41},"end":{"line":172,"column":45}}],"line":172},"10":{"loc":{"start":{"line":191,"column":8},"end":{"line":194,"column":9}},"type":"if","locations":[{"start":{"line":191,"column":8},"end":{"line":194,"column":9}},{"start":{},"end":{}}],"line":191},"11":{"loc":{"start":{"line":200,"column":23},"end":{"line":200,"column":43}},"type":"binary-expr","locations":[{"start":{"line":200,"column":23},"end":{"line":200,"column":37}},{"start":{"line":200,"column":41},"end":{"line":200,"column":43}}],"line":200},"12":{"loc":{"start":{"line":210,"column":4},"end":{"line":212,"column":5}},"type":"if","locations":[{"start":{"line":210,"column":4},"end":{"line":212,"column":5}},{"start":{},"end":{}}],"line":210},"13":{"loc":{"start":{"line":210,"column":8},"end":{"line":210,"column":58}},"type":"binary-expr","locations":[{"start":{"line":210,"column":8},"end":{"line":210,"column":13}},{"start":{"line":210,"column":17},"end":{"line":210,"column":33}},{"start":{"line":210,"column":37},"end":{"line":210,"column":58}}],"line":210},"14":{"loc":{"start":{"line":226,"column":8},"end":{"line":229,"column":9}},"type":"if","locations":[{"start":{"line":226,"column":8},"end":{"line":229,"column":9}},{"start":{},"end":{}}],"line":226},"15":{"loc":{"start":{"line":237,"column":8},"end":{"line":240,"column":9}},"type":"if","locations":[{"start":{"line":237,"column":8},"end":{"line":240,"column":9}},{"start":{},"end":{}}],"line":237},"16":{"loc":{"start":{"line":265,"column":8},"end":{"line":268,"column":9}},"type":"if","locations":[{"start":{"line":265,"column":8},"end":{"line":268,"column":9}},{"start":{},"end":{}}],"line":265}},"s":{"0":32,"1":32,"2":32,"3":32,"4":32,"5":32,"6":24,"7":24,"8":24,"9":2,"10":24,"11":11,"12":11,"13":11,"14":24,"15":22,"16":22,"17":22,"18":28,"19":18,"20":18,"21":18,"22":28,"23":6,"24":22,"25":21,"26":22,"27":9,"28":8,"29":8,"30":8,"31":1,"32":7,"33":7,"34":7,"35":7,"36":2,"37":2,"38":2,"39":7,"40":1,"41":7,"42":1,"43":7,"44":6,"45":25,"46":25,"47":25,"48":7,"49":7,"50":7,"51":7,"52":7,"53":7,"54":2,"55":2,"56":2,"57":7,"58":1,"59":7,"60":1,"61":7,"62":5,"63":5,"64":4,"65":3,"66":3,"67":3,"68":3,"69":3,"70":2,"71":2,"72":2,"73":3,"74":1,"75":3,"76":1,"77":3,"78":1,"79":1,"80":0,"81":5,"82":5,"83":1,"84":4,"85":4,"86":4,"87":4,"88":4,"89":1,"90":1,"91":1,"92":4,"93":1,"94":4,"95":0,"96":4,"97":3,"98":3,"99":1,"100":1,"101":2,"102":2,"103":2,"104":1,"105":2,"106":1,"107":3,"108":3,"109":3,"110":3,"111":3,"112":3,"113":2,"114":2,"115":2,"116":3,"117":1,"118":3,"119":1,"120":3,"121":1},"f":{"0":32,"1":24,"2":24,"3":2,"4":11,"5":22,"6":28,"7":28,"8":9,"9":8,"10":2,"11":1,"12":1,"13":6,"14":7,"15":7,"16":2,"17":1,"18":1,"19":5,"20":4,"21":3,"22":2,"23":1,"24":1,"25":1,"26":0,"27":5,"28":4,"29":1,"30":1,"31":0,"32":3,"33":1,"34":1,"35":3,"36":3,"37":2,"38":1,"39":1,"40":1},"b":{"0":[11,0],"1":[18,10],"2":[6,22],"3":[21,1],"4":[1,7],"5":[8,7],"6":[2,0],"7":[10],"8":[2,0],"9":[3,2],"10":[2,0],"11":[1,0],"12":[1,4],"13":[5,5,5],"14":[1,0],"15":[1,2],"16":[2,0]},"_coverageSchema":"1a1c01bbd47fc00a2c39e90264f33305004495a9","hash":"e217d8dd066ca91171babb1c66aca64aca66e432"}
,"D:\\bcde211_campus_event_planner\\src\\repo\\repository_contract.js": {"path":"D:\\bcde211_campus_event_planner\\src\\repo\\repository_contract.js","statementMap":{"0":{"start":{"line":7,"column":4},"end":{"line":9,"column":5}},"1":{"start":{"line":8,"column":6},"end":{"line":8,"column":58}},"2":{"start":{"line":18,"column":4},"end":{"line":18,"column":44}},"3":{"start":{"line":27,"column":4},"end":{"line":27,"column":48}},"4":{"start":{"line":35,"column":4},"end":{"line":35,"column":47}},"5":{"start":{"line":43,"column":4},"end":{"line":43,"column":47}},"6":{"start":{"line":51,"column":4},"end":{"line":51,"column":47}}},"fnMap":{"0":{"name":"(anonymous_0)","decl":{"start":{"line":6,"column":2},"end":{"line":6,"column":3}},"loc":{"start":{"line":6,"column":16},"end":{"line":10,"column":3}},"line":6},"1":{"name":"(anonymous_1)","decl":{"start":{"line":17,"column":2},"end":{"line":17,"column":3}},"loc":{"start":{"line":17,"column":19},"end":{"line":19,"column":3}},"line":17},"2":{"name":"(anonymous_2)","decl":{"start":{"line":26,"column":2},"end":{"line":26,"column":3}},"loc":{"start":{"line":26,"column":21},"end":{"line":28,"column":3}},"line":26},"3":{"name":"(anonymous_3)","decl":{"start":{"line":34,"column":2},"end":{"line":34,"column":3}},"loc":{"start":{"line":34,"column":17},"end":{"line":36,"column":3}},"line":34},"4":{"name":"(anonymous_4)","decl":{"start":{"line":42,"column":2},"end":{"line":42,"column":3}},"loc":{"start":{"line":42,"column":22},"end":{"line":44,"column":3}},"line":42},"5":{"name":"(anonymous_5)","decl":{"start":{"line":50,"column":2},"end":{"line":50,"column":3}},"loc":{"start":{"line":50,"column":20},"end":{"line":52,"column":3}},"line":50}},"branchMap":{"0":{"loc":{"start":{"line":7,"column":4},"end":{"line":9,"column":5}},"type":"if","locations":[{"start":{"line":7,"column":4},"end":{"line":9,"column":5}},{"start":{},"end":{}}],"line":7}},"s":{"0":32,"1":0,"2":0,"3":0,"4":0,"5":0,"6":0},"f":{"0":32,"1":0,"2":0,"3":0,"4":0,"5":0},"b":{"0":[0,32]},"_coverageSchema":"1a1c01bbd47fc00a2c39e90264f33305004495a9","hash":"67720912ac3c2a5879399617ad6f1305f52e85a2"}
,"D:\\bcde211_campus_event_planner\\src\\services\\eventPlannerService.ts": {"path":"D:\\bcde211_campus_event_planner\\src\\services\\eventPlannerService.ts","statementMap":{"0":{"start":{"line":11,"column":19},"end":{"line":11,"column":49}},"1":{"start":{"line":17,"column":27},"end":{"line":17,"column":54}},"2":{"start":{"line":19,"column":2},"end":{"line":19,"column":29}},"3":{"start":{"line":26,"column":16},"end":{"line":26,"column":45}},"4":{"start":{"line":27,"column":18},"end":{"line":27,"column":35}},"5":{"start":{"line":29,"column":2},"end":{"line":29,"column":80}},"6":{"start":{"line":37,"column":16},"end":{"line":37,"column":45}},"7":{"start":{"line":38,"column":18},"end":{"line":38,"column":35}},"8":{"start":{"line":40,"column":2},"end":{"line":42,"column":3}},"9":{"start":{"line":41,"column":4},"end":{"line":41,"column":57}},"10":{"start":{"line":44,"column":2},"end":{"line":46,"column":3}},"11":{"start":{"line":45,"column":4},"end":{"line":45,"column":51}},"12":{"start":{"line":48,"column":2},"end":{"line":48,"column":94}},"13":{"start":{"line":55,"column":33},"end":{"line":55,"column":48}},"14":{"start":{"line":56,"column":16},"end":{"line":56,"column":35}},"15":{"start":{"line":58,"column":17},"end":{"line":58,"column":42}},"16":{"start":{"line":60,"column":23},"end":{"line":60,"column":39}},"17":{"start":{"line":62,"column":2},"end":{"line":62,"column":47}},"18":{"start":{"line":69,"column":2},"end":{"line":73,"column":4}},"19":{"start":{"line":84,"column":4},"end":{"line":84,"column":47}},"20":{"start":{"line":91,"column":4},"end":{"line":99,"column":5}},"21":{"start":{"line":106,"column":19},"end":{"line":106,"column":46}},"22":{"start":{"line":108,"column":4},"end":{"line":108,"column":62}},"23":{"start":{"line":108,"column":33},"end":{"line":108,"column":61}},"24":{"start":{"line":115,"column":4},"end":{"line":122,"column":5}},"25":{"start":{"line":129,"column":25},"end":{"line":137,"column":5}},"26":{"start":{"line":139,"column":4},"end":{"line":139,"column":43}},"27":{"start":{"line":146,"column":4},"end":{"line":146,"column":33}},"28":{"start":{"line":153,"column":4},"end":{"line":153,"column":27}},"29":{"start":{"line":160,"column":27},"end":{"line":160,"column":54}},"30":{"start":{"line":162,"column":4},"end":{"line":162,"column":70}},"31":{"start":{"line":162,"column":41},"end":{"line":162,"column":69}},"32":{"start":{"line":169,"column":25},"end":{"line":169,"column":49}},"33":{"start":{"line":171,"column":4},"end":{"line":171,"column":68}},"34":{"start":{"line":171,"column":39},"end":{"line":171,"column":67}},"35":{"start":{"line":178,"column":4},"end":{"line":178,"column":40}},"36":{"start":{"line":185,"column":4},"end":{"line":185,"column":42}},"37":{"start":{"line":193,"column":35},"end":{"line":193,"column":69}}},"fnMap":{"0":{"name":"timeToMinutes","decl":{"start":{"line":16,"column":9},"end":{"line":16,"column":22}},"loc":{"start":{"line":16,"column":45},"end":{"line":20,"column":1}},"line":16},"1":{"name":"minutesToTime","decl":{"start":{"line":25,"column":9},"end":{"line":25,"column":22}},"loc":{"start":{"line":25,"column":53},"end":{"line":30,"column":1}},"line":25},"2":{"name":"formatDuration","decl":{"start":{"line":36,"column":16},"end":{"line":36,"column":30}},"loc":{"start":{"line":36,"column":61},"end":{"line":49,"column":1}},"line":36},"3":{"name":"formatTime","decl":{"start":{"line":54,"column":16},"end":{"line":54,"column":26}},"loc":{"start":{"line":54,"column":49},"end":{"line":63,"column":1}},"line":54},"4":{"name":"formatEventDate","decl":{"start":{"line":68,"column":16},"end":{"line":68,"column":31}},"loc":{"start":{"line":68,"column":54},"end":{"line":74,"column":1}},"line":68},"5":{"name":"(anonymous_5)","decl":{"start":{"line":83,"column":2},"end":{"line":83,"column":3}},"loc":{"start":{"line":83,"column":16},"end":{"line":85,"column":3}},"line":83},"6":{"name":"(anonymous_6)","decl":{"start":{"line":90,"column":2},"end":{"line":90,"column":3}},"loc":{"start":{"line":90,"column":52},"end":{"line":100,"column":3}},"line":90},"7":{"name":"(anonymous_7)","decl":{"start":{"line":105,"column":2},"end":{"line":105,"column":3}},"loc":{"start":{"line":105,"column":41},"end":{"line":109,"column":3}},"line":105},"8":{"name":"(anonymous_8)","decl":{"start":{"line":108,"column":22},"end":{"line":108,"column":23}},"loc":{"start":{"line":108,"column":33},"end":{"line":108,"column":61}},"line":108},"9":{"name":"(anonymous_9)","decl":{"start":{"line":114,"column":2},"end":{"line":114,"column":3}},"loc":{"start":{"line":114,"column":47},"end":{"line":123,"column":3}},"line":114},"10":{"name":"(anonymous_10)","decl":{"start":{"line":128,"column":2},"end":{"line":128,"column":3}},"loc":{"start":{"line":128,"column":50},"end":{"line":140,"column":3}},"line":128},"11":{"name":"(anonymous_11)","decl":{"start":{"line":145,"column":2},"end":{"line":145,"column":3}},"loc":{"start":{"line":145,"column":42},"end":{"line":147,"column":3}},"line":145},"12":{"name":"(anonymous_12)","decl":{"start":{"line":152,"column":2},"end":{"line":152,"column":3}},"loc":{"start":{"line":152,"column":42},"end":{"line":154,"column":3}},"line":152},"13":{"name":"(anonymous_13)","decl":{"start":{"line":159,"column":2},"end":{"line":159,"column":3}},"loc":{"start":{"line":159,"column":57},"end":{"line":163,"column":3}},"line":159},"14":{"name":"(anonymous_14)","decl":{"start":{"line":162,"column":30},"end":{"line":162,"column":31}},"loc":{"start":{"line":162,"column":41},"end":{"line":162,"column":69}},"line":162},"15":{"name":"(anonymous_15)","decl":{"start":{"line":168,"column":2},"end":{"line":168,"column":3}},"loc":{"start":{"line":168,"column":62},"end":{"line":172,"column":3}},"line":168},"16":{"name":"(anonymous_16)","decl":{"start":{"line":171,"column":28},"end":{"line":171,"column":29}},"loc":{"start":{"line":171,"column":39},"end":{"line":171,"column":67}},"line":171},"17":{"name":"(anonymous_17)","decl":{"start":{"line":177,"column":2},"end":{"line":177,"column":3}},"loc":{"start":{"line":177,"column":42},"end":{"line":179,"column":3}},"line":177},"18":{"name":"(anonymous_18)","decl":{"start":{"line":184,"column":2},"end":{"line":184,"column":3}},"loc":{"start":{"line":184,"column":44},"end":{"line":186,"column":3}},"line":184}},"branchMap":{"0":{"loc":{"start":{"line":40,"column":2},"end":{"line":42,"column":3}},"type":"if","locations":[{"start":{"line":40,"column":2},"end":{"line":42,"column":3}},{"start":{},"end":{}}],"line":40},"1":{"loc":{"start":{"line":41,"column":31},"end":{"line":41,"column":55}},"type":"cond-expr","locations":[{"start":{"line":41,"column":47},"end":{"line":41,"column":50}},{"start":{"line":41,"column":53},"end":{"line":41,"column":55}}],"line":41},"2":{"loc":{"start":{"line":44,"column":2},"end":{"line":46,"column":3}},"type":"if","locations":[{"start":{"line":44,"column":2},"end":{"line":46,"column":3}},{"start":{},"end":{}}],"line":44},"3":{"loc":{"start":{"line":45,"column":27},"end":{"line":45,"column":49}},"type":"cond-expr","locations":[{"start":{"line":45,"column":41},"end":{"line":45,"column":44}},{"start":{"line":45,"column":47},"end":{"line":45,"column":49}}],"line":45},"4":{"loc":{"start":{"line":48,"column":25},"end":{"line":48,"column":47}},"type":"cond-expr","locations":[{"start":{"line":48,"column":39},"end":{"line":48,"column":42}},{"start":{"line":48,"column":45},"end":{"line":48,"column":47}}],"line":48},"5":{"loc":{"start":{"line":48,"column":68},"end":{"line":48,"column":92}},"type":"cond-expr","locations":[{"start":{"line":48,"column":84},"end":{"line":48,"column":87}},{"start":{"line":48,"column":90},"end":{"line":48,"column":92}}],"line":48},"6":{"loc":{"start":{"line":58,"column":17},"end":{"line":58,"column":42}},"type":"cond-expr","locations":[{"start":{"line":58,"column":31},"end":{"line":58,"column":35}},{"start":{"line":58,"column":38},"end":{"line":58,"column":42}}],"line":58},"7":{"loc":{"start":{"line":60,"column":23},"end":{"line":60,"column":39}},"type":"binary-expr","locations":[{"start":{"line":60,"column":23},"end":{"line":60,"column":33}},{"start":{"line":60,"column":37},"end":{"line":60,"column":39}}],"line":60},"8":{"loc":{"start":{"line":98,"column":12},"end":{"line":98,"column":28}},"type":"binary-expr","locations":[{"start":{"line":98,"column":12},"end":{"line":98,"column":22}},{"start":{"line":98,"column":26},"end":{"line":98,"column":28}}],"line":98}},"s":{"0":2,"1":0,"2":0,"3":0,"4":0,"5":0,"6":27,"7":27,"8":27,"9":0,"10":27,"11":1,"12":26,"13":14,"14":14,"15":14,"16":14,"17":14,"18":7,"19":2,"20":0,"21":0,"22":0,"23":0,"24":0,"25":0,"26":0,"27":0,"28":0,"29":0,"30":0,"31":0,"32":0,"33":0,"34":0,"35":0,"36":0,"37":2},"f":{"0":0,"1":0,"2":27,"3":14,"4":7,"5":2,"6":0,"7":0,"8":0,"9":0,"10":0,"11":0,"12":0,"13":0,"14":0,"15":0,"16":0,"17":0,"18":0},"b":{"0":[0,27],"1":[0,0],"2":[1,26],"3":[1,0],"4":[26,0],"5":[26,0],"6":[7,7],"7":[14,0],"8":[0,0]},"_coverageSchema":"1a1c01bbd47fc00a2c39e90264f33305004495a9","hash":"d6379f7c6e165bb97cbf8a87979c84d258863ade"}
,"D:\\bcde211_campus_event_planner\\src\\types\\CampusEvent.ts": {"path":"D:\\bcde211_campus_event_planner\\src\\types\\CampusEvent.ts","statementMap":{},"fnMap":{},"branchMap":{},"s":{},"f":{},"b":{}}
,"D:\\bcde211_campus_event_planner\\src\\types\\EventPlannerServiceContract.ts": {"path":"D:\\bcde211_campus_event_planner\\src\\types\\EventPlannerServiceContract.ts","statementMap":{},"fnMap":{},"branchMap":{},"s":{},"f":{},"b":{}}
}
