TN:
SF:src\App.tsx
FN:15,App
FN:50,refreshEvents
FN:54,(anonymous_2)
FN:74,refreshStatistics
FN:90,sortEvents
FN:106,searchEvents
FN:126,(anonymous_6)
FN:134,addEvent
FN:145,(anonymous_8)
FN:174,deleteEvent
FN:188,updateEvent
FN:202,revertEvent
FN:236,(anonymous_12)
FN:260,(anonymous_13)
FN:270,(anonymous_14)
FNF:15
FNH:0
FNDA:0,App
FNDA:0,refreshEvents
FNDA:0,(anonymous_2)
FNDA:0,refreshStatistics
FNDA:0,sortEvents
FNDA:0,searchEvents
FNDA:0,(anonymous_6)
FNDA:0,addEvent
FNDA:0,(anonymous_8)
FNDA:0,deleteEvent
FNDA:0,updateEvent
FNDA:0,revertEvent
FNDA:0,(anonymous_12)
FNDA:0,(anonymous_13)
FNDA:0,(anonymous_14)
DA:20,0
DA:25,0
DA:30,0
DA:36,0
DA:37,0
DA:43,0
DA:44,0
DA:51,0
DA:52,0
DA:54,0
DA:55,0
DA:56,0
DA:59,0
DA:62,0
DA:64,0
DA:66,0
DA:75,0
DA:76,0
DA:77,0
DA:79,0
DA:80,0
DA:82,0
DA:91,0
DA:92,0
DA:94,0
DA:95,0
DA:97,0
DA:107,0
DA:108,0
DA:110,0
DA:111,0
DA:112,0
DA:115,0
DA:117,0
DA:119,0
DA:126,0
DA:127,0
DA:135,0
DA:136,0
DA:138,0
DA:144,0
DA:146,0
DA:152,0
DA:153,0
DA:155,0
DA:159,0
DA:162,0
DA:164,0
DA:166,0
DA:175,0
DA:176,0
DA:178,0
DA:180,0
DA:189,0
DA:190,0
DA:192,0
DA:194,0
DA:203,0
DA:204,0
DA:205,0
DA:206,0
DA:208,0
DA:210,0
DA:211,0
DA:213,0
DA:217,0
DA:237,0
DA:238,0
DA:260,0
DA:271,0
LF:70
LH:0
BRDA:55,0,0,0
BRDA:55,0,1,0
BRDA:110,1,0,0
BRDA:110,1,1,0
BRDA:146,2,0,0
BRDA:146,2,1,0
BRDA:146,2,2,0
BRDA:152,3,0,0
BRDA:152,3,1,0
BRDA:227,4,0,0
BRDA:227,4,1,0
BRF:11
BRH:0
end_of_record
TN:
SF:src\main.tsx
FN:21,(anonymous_0)
FN:24,(anonymous_1)
FN:27,(anonymous_2)
FNF:3
FNH:0
FNDA:0,(anonymous_0)
FNDA:0,(anonymous_1)
FNDA:0,(anonymous_2)
DA:12,0
DA:20,0
DA:21,0
DA:22,0
DA:25,0
DA:28,0
LF:6
LH:0
BRDA:20,0,0,0
BRDA:20,0,1,0
BRF:2
BRH:0
end_of_record
TN:
SF:src\components\EventCard.tsx
FN:17,EventCard
FN:53,updateField
FN:57,(anonymous_2)
FN:69,timeToMinutes
FN:92,(anonymous_4)
FN:107,(anonymous_5)
FN:121,(anonymous_6)
FN:130,(anonymous_7)
FN:155,(anonymous_8)
FN:168,(anonymous_9)
FN:173,(anonymous_10)
FN:188,(anonymous_11)
FN:198,(anonymous_12)
FN:219,(anonymous_13)
FN:237,(anonymous_14)
FN:242,(anonymous_15)
FNF:16
FNH:9
FNDA:27,EventCard
FNDA:16,updateField
FNDA:16,(anonymous_2)
FNDA:54,timeToMinutes
FNDA:16,(anonymous_4)
FNDA:0,(anonymous_5)
FNDA:0,(anonymous_6)
FNDA:0,(anonymous_7)
FNDA:0,(anonymous_8)
FNDA:0,(anonymous_9)
FNDA:0,(anonymous_10)
FNDA:1,(anonymous_11)
FNDA:1,(anonymous_12)
FNDA:0,(anonymous_13)
FNDA:3,(anonymous_14)
FNDA:1,(anonymous_15)
DA:32,27
DA:39,27
DA:57,16
DA:70,54
DA:72,54
DA:75,27
DA:77,27
DA:79,27
DA:81,27
DA:83,27
DA:85,27
DA:92,16
DA:107,0
DA:121,0
DA:130,0
DA:155,0
DA:169,0
DA:173,0
DA:189,1
DA:190,1
DA:199,1
DA:201,1
DA:211,1
DA:220,0
DA:230,0
DA:237,3
DA:242,1
LF:27
LH:19
BRDA:88,0,0,19
BRDA:88,0,1,8
BRDA:103,1,0,19
BRDA:103,1,1,8
BRDA:114,2,0,19
BRDA:114,2,1,8
BRDA:142,3,0,27
BRDA:142,3,1,27
BRDA:143,4,0,0
BRDA:143,4,1,27
BRDA:144,5,0,27
BRDA:144,5,1,27
BRDA:144,5,2,27
BRDA:145,6,0,27
BRDA:145,6,1,27
BRDA:146,7,0,27
BRDA:146,7,1,0
BRDA:151,8,0,19
BRDA:151,8,1,8
BRDA:164,9,0,19
BRDA:164,9,1,8
BRDA:184,10,0,19
BRDA:184,10,1,8
BRF:23
BRH:21
end_of_record
TN:
SF:src\components\EventListSection.tsx
FN:15,EventListSection
FN:35,(anonymous_1)
FNF:2
FNH:0
FNDA:0,EventListSection
FNDA:0,(anonymous_1)
DA:23,0
DA:36,0
LF:2
LH:0
BRDA:27,0,0,0
BRDA:27,0,1,0
BRDA:29,1,0,0
BRDA:29,1,1,0
BRF:4
BRH:0
end_of_record
TN:
SF:src\components\FooterNote.tsx
FN:5,FooterNote
FNF:1
FNH:0
FNDA:0,FooterNote
DA:6,0
LF:1
LH:0
BRF:0
BRH:0
end_of_record
TN:
SF:src\components\Form.tsx
FN:8,Form
FN:16,handleSubmit
FN:30,(anonymous_2)
FN:54,(anonymous_3)
FN:61,(anonymous_4)
FN:68,(anonymous_5)
FN:75,(anonymous_6)
FN:83,(anonymous_7)
FN:91,(anonymous_8)
FNF:9
FNH:0
FNDA:0,Form
FNDA:0,handleSubmit
FNDA:0,(anonymous_2)
FNDA:0,(anonymous_3)
FNDA:0,(anonymous_4)
FNDA:0,(anonymous_5)
FNDA:0,(anonymous_6)
FNDA:0,(anonymous_7)
FNDA:0,(anonymous_8)
DA:9,0
DA:10,0
DA:11,0
DA:12,0
DA:13,0
DA:14,0
DA:17,0
DA:19,0
DA:30,0
DA:34,0
DA:37,0
DA:38,0
DA:39,0
DA:40,0
DA:41,0
DA:42,0
DA:45,0
DA:54,0
DA:61,0
DA:68,0
DA:75,0
DA:83,0
DA:91,0
LF:23
LH:0
BRF:0
BRH:0
end_of_record
TN:
SF:src\components\OfflineBanner.tsx
FN:3,OfflineBanner
FN:6,(anonymous_1)
FN:7,handleOnline
FN:10,handleOffline
FN:17,(anonymous_4)
FNF:5
FNH:0
FNDA:0,OfflineBanner
FNDA:0,(anonymous_1)
FNDA:0,handleOnline
FNDA:0,handleOffline
FNDA:0,(anonymous_4)
DA:4,0
DA:6,0
DA:8,0
DA:11,0
DA:14,0
DA:15,0
DA:17,0
DA:18,0
DA:19,0
DA:23,0
DA:24,0
DA:27,0
LF:12
LH:0
BRDA:23,0,0,0
BRDA:23,0,1,0
BRF:2
BRH:0
end_of_record
TN:
SF:src\components\PageHeader.tsx
FN:6,PageHeader
FNF:1
FNH:0
FNDA:0,PageHeader
DA:7,0
LF:1
LH:0
BRF:0
BRH:0
end_of_record
TN:
SF:src\components\StatisticsPanel.tsx
FN:6,StatisticsPanel
FNF:1
FNH:1
FNDA:1,StatisticsPanel
DA:10,1
LF:1
LH:1
BRF:0
BRH:0
end_of_record
TN:
SF:src\components\ToggleMessage.tsx
FN:4,ToggleMessage
FN:7,clickEventHandler
FN:8,(anonymous_2)
FNF:3
FNH:0
FNDA:0,ToggleMessage
FNDA:0,clickEventHandler
FNDA:0,(anonymous_2)
DA:5,0
DA:8,0
DA:11,0
LF:3
LH:0
BRDA:14,0,0,0
BRDA:14,0,1,0
BRDA:17,1,0,0
BRDA:17,1,1,0
BRF:4
BRH:0
end_of_record
TN:
SF:src\model\event.js
FN:10,(anonymous_0)
FN:33,(anonymous_1)
FN:37,(anonymous_2)
FN:41,(anonymous_3)
FN:45,(anonymous_4)
FN:49,(anonymous_5)
FN:53,(anonymous_6)
FN:57,(anonymous_7)
FN:61,(anonymous_8)
FN:65,(anonymous_9)
FN:83,(anonymous_10)
FN:87,(anonymous_11)
FN:99,(anonymous_12)
FNF:13
FNH:11
FNDA:64,(anonymous_0)
FNDA:19,(anonymous_1)
FNDA:18,(anonymous_2)
FNDA:13,(anonymous_3)
FNDA:2,(anonymous_4)
FNDA:0,(anonymous_5)
FNDA:0,(anonymous_6)
FNDA:1,(anonymous_7)
FNDA:2,(anonymous_8)
FNDA:7,(anonymous_9)
FNDA:3,(anonymous_10)
FNDA:30,(anonymous_11)
FNDA:23,(anonymous_12)
DA:12,64
DA:13,1
DA:16,63
DA:17,1
DA:20,62
DA:21,1
DA:24,61
DA:25,61
DA:26,61
DA:27,61
DA:28,61
DA:29,61
DA:30,61
DA:34,19
DA:38,18
DA:42,13
DA:46,2
DA:50,0
DA:54,0
DA:58,1
DA:62,2
DA:66,7
DA:67,4
DA:68,3
DA:71,6
DA:72,6
DA:74,6
DA:75,1
DA:78,5
DA:79,5
DA:84,3
DA:88,30
DA:100,23
DA:109,23
DA:110,5
DA:113,23
LF:36
LH:34
BRDA:10,0,0,16
BRDA:10,1,0,16
BRDA:12,2,0,1
BRDA:12,2,1,63
BRDA:12,3,0,64
BRDA:12,3,1,64
BRDA:16,4,0,1
BRDA:16,4,1,62
BRDA:20,5,0,1
BRDA:20,5,1,61
BRDA:66,6,0,4
BRDA:66,6,1,3
BRDA:67,7,0,1
BRDA:67,7,1,3
BRDA:71,8,0,1
BRDA:71,8,1,5
BRDA:72,9,0,1
BRDA:72,9,1,5
BRDA:74,10,0,1
BRDA:74,10,1,5
BRDA:78,11,0,1
BRDA:78,11,1,4
BRDA:79,12,0,1
BRDA:79,12,1,4
BRDA:109,13,0,5
BRDA:109,13,1,18
BRDA:109,14,0,23
BRDA:109,14,1,5
BRF:28
BRH:28
end_of_record
TN:
SF:src\model\event_planner.js
FN:10,(anonymous_0)
FN:30,(anonymous_1)
FN:49,(anonymous_2)
FN:50,(anonymous_3)
FN:71,(anonymous_4)
FN:75,(anonymous_5)
FN:78,(anonymous_6)
FN:82,(anonymous_7)
FN:98,(anonymous_8)
FN:103,(anonymous_9)
FN:122,(anonymous_10)
FN:129,(anonymous_11)
FN:138,(anonymous_12)
FN:140,(anonymous_13)
FN:144,(anonymous_14)
FN:146,(anonymous_15)
FN:153,(anonymous_16)
FN:154,(anonymous_17)
FN:158,(anonymous_18)
FN:162,(anonymous_19)
FN:163,(anonymous_20)
FNF:21
FNH:21
FNDA:21,(anonymous_0)
FNDA:17,(anonymous_1)
FNDA:3,(anonymous_2)
FNDA:1,(anonymous_3)
FNDA:4,(anonymous_4)
FNDA:4,(anonymous_5)
FNDA:1,(anonymous_6)
FNDA:1,(anonymous_7)
FNDA:4,(anonymous_8)
FNDA:2,(anonymous_9)
FNDA:2,(anonymous_10)
FNDA:1,(anonymous_11)
FNDA:2,(anonymous_12)
FNDA:1,(anonymous_13)
FNDA:3,(anonymous_14)
FNDA:3,(anonymous_15)
FNDA:2,(anonymous_16)
FNDA:2,(anonymous_17)
FNDA:1,(anonymous_18)
FNDA:2,(anonymous_19)
FNDA:2,(anonymous_20)
DA:16,21
DA:17,21
DA:18,21
DA:31,17
DA:41,17
DA:42,17
DA:44,17
DA:45,17
DA:50,3
DA:51,3
DA:53,2
DA:54,2
DA:56,1
DA:66,1
DA:67,1
DA:72,4
DA:73,1
DA:75,4
DA:79,1
DA:81,1
DA:83,1
DA:94,1
DA:99,4
DA:100,1
DA:103,3
DA:105,3
DA:107,2
DA:110,3
DA:112,3
DA:113,2
DA:115,1
DA:118,3
DA:123,2
DA:124,1
DA:127,1
DA:129,1
DA:130,1
DA:131,1
DA:134,1
DA:139,2
DA:140,2
DA:145,3
DA:147,3
DA:154,2
DA:159,1
DA:163,2
LF:46
LH:46
BRDA:30,0,0,16
BRDA:30,1,0,16
BRDA:51,2,0,1
BRDA:51,2,1,2
BRDA:54,3,0,1
BRDA:54,3,1,1
BRDA:72,4,0,1
BRDA:72,4,1,3
BRDA:81,5,0,1
BRDA:81,5,1,0
BRDA:99,6,0,1
BRDA:99,6,1,3
BRDA:99,7,0,4
BRDA:99,7,1,4
BRDA:105,8,0,2
BRDA:105,8,1,1
BRDA:112,9,0,2
BRDA:112,9,1,1
BRDA:123,10,0,1
BRDA:123,10,1,1
BRDA:130,11,0,1
BRDA:130,11,1,0
BRDA:147,12,0,3
BRDA:147,12,1,1
BRDA:153,13,0,0
BRDA:154,14,0,0
BRDA:154,14,1,2
BRF:27
BRH:23
end_of_record
TN:
SF:src\pwa\register_service_worker.js
FN:1,registerServiceWorker
FN:7,(anonymous_1)
FNF:2
FNH:0
FNDA:0,registerServiceWorker
FNDA:0,(anonymous_1)
DA:2,0
DA:3,0
DA:4,0
DA:7,0
DA:8,0
DA:10,0
DA:12,0
DA:14,0
LF:8
LH:0
BRDA:2,0,0,0
BRDA:2,0,1,0
BRF:2
BRH:0
end_of_record
TN:
SF:src\repo\indexeddb_event_repository.js
FN:16,(anonymous_0)
FN:29,(anonymous_1)
FN:30,(anonymous_2)
FN:33,(anonymous_3)
FN:37,(anonymous_4)
FN:48,(anonymous_5)
FN:65,(anonymous_6)
FN:77,(anonymous_7)
FN:95,(anonymous_8)
FN:98,(anonymous_9)
FN:116,(anonymous_10)
FN:123,(anonymous_11)
FN:124,(anonymous_12)
FN:125,(anonymous_13)
FN:145,(anonymous_14)
FN:147,(anonymous_15)
FN:158,(anonymous_16)
FN:164,(anonymous_17)
FN:165,(anonymous_18)
FN:170,(anonymous_19)
FN:177,(anonymous_20)
FN:180,(anonymous_21)
FN:190,(anonymous_22)
FN:196,(anonymous_23)
FN:197,(anonymous_24)
FN:199,(anonymous_25)
FN:202,(anonymous_26)
FN:207,(anonymous_27)
FN:214,(anonymous_28)
FN:225,(anonymous_29)
FN:231,(anonymous_30)
FN:232,(anonymous_31)
FN:234,(anonymous_32)
FN:247,(anonymous_33)
FN:248,(anonymous_34)
FN:253,(anonymous_35)
FN:256,(anonymous_36)
FN:264,(anonymous_37)
FN:270,(anonymous_38)
FN:271,(anonymous_39)
FN:273,(anonymous_40)
FNF:41
FNH:39
FNDA:30,(anonymous_0)
FNDA:24,(anonymous_1)
FNDA:24,(anonymous_2)
FNDA:2,(anonymous_3)
FNDA:11,(anonymous_4)
FNDA:22,(anonymous_5)
FNDA:28,(anonymous_6)
FNDA:28,(anonymous_7)
FNDA:9,(anonymous_8)
FNDA:8,(anonymous_9)
FNDA:2,(anonymous_10)
FNDA:1,(anonymous_11)
FNDA:1,(anonymous_12)
FNDA:6,(anonymous_13)
FNDA:7,(anonymous_14)
FNDA:7,(anonymous_15)
FNDA:2,(anonymous_16)
FNDA:1,(anonymous_17)
FNDA:1,(anonymous_18)
FNDA:5,(anonymous_19)
FNDA:4,(anonymous_20)
FNDA:3,(anonymous_21)
FNDA:2,(anonymous_22)
FNDA:1,(anonymous_23)
FNDA:1,(anonymous_24)
FNDA:1,(anonymous_25)
FNDA:0,(anonymous_26)
FNDA:5,(anonymous_27)
FNDA:4,(anonymous_28)
FNDA:1,(anonymous_29)
FNDA:1,(anonymous_30)
FNDA:0,(anonymous_31)
FNDA:3,(anonymous_32)
FNDA:1,(anonymous_33)
FNDA:1,(anonymous_34)
FNDA:3,(anonymous_35)
FNDA:3,(anonymous_36)
FNDA:2,(anonymous_37)
FNDA:1,(anonymous_38)
FNDA:1,(anonymous_39)
FNDA:1,(anonymous_40)
DA:14,30
DA:17,30
DA:18,30
DA:19,30
DA:20,30
DA:21,30
DA:30,24
DA:31,24
DA:33,24
DA:37,24
DA:38,11
DA:40,11
DA:41,11
DA:48,24
DA:49,22
DA:53,22
DA:55,22
DA:66,28
DA:67,18
DA:68,18
DA:69,18
DA:78,28
DA:80,22
DA:81,21
DA:84,22
DA:96,9
DA:98,8
DA:99,8
DA:101,8
DA:102,1
DA:107,7
DA:113,7
DA:115,7
DA:116,7
DA:117,2
DA:118,2
DA:119,2
DA:123,7
DA:124,7
DA:125,7
DA:126,6
DA:140,25
DA:141,25
DA:142,25
DA:146,7
DA:147,7
DA:148,7
DA:153,7
DA:157,7
DA:158,7
DA:159,2
DA:160,2
DA:161,2
DA:164,7
DA:165,7
DA:170,7
DA:171,5
DA:172,5
DA:178,4
DA:180,3
DA:181,3
DA:186,3
DA:189,3
DA:190,3
DA:191,2
DA:192,2
DA:193,2
DA:196,3
DA:197,3
DA:199,3
DA:200,1
DA:202,1
DA:208,5
DA:210,5
DA:211,1
DA:214,4
DA:215,4
DA:222,4
DA:224,4
DA:225,4
DA:226,1
DA:227,1
DA:228,1
DA:231,4
DA:232,4
DA:234,4
DA:235,3
DA:237,3
DA:238,1
DA:239,1
DA:242,2
DA:245,2
DA:247,2
DA:248,2
DA:254,3
DA:256,3
DA:257,3
DA:261,3
DA:263,3
DA:264,3
DA:265,2
DA:266,2
DA:267,2
DA:270,3
DA:271,3
DA:273,3
LF:106
LH:106
BRDA:40,0,0,11
BRDA:40,0,1,0
BRDA:66,1,0,18
BRDA:66,1,1,10
BRDA:78,2,0,6
BRDA:78,2,1,22
BRDA:80,3,0,21
BRDA:80,3,1,1
BRDA:101,4,0,1
BRDA:101,4,1,7
BRDA:101,5,0,8
BRDA:101,5,1,7
BRDA:117,6,0,2
BRDA:117,6,1,0
BRDA:136,7,0,10
BRDA:159,8,0,2
BRDA:159,8,1,0
BRDA:172,9,0,3
BRDA:172,9,1,2
BRDA:191,10,0,2
BRDA:191,10,1,0
BRDA:200,11,0,1
BRDA:200,11,1,0
BRDA:210,12,0,1
BRDA:210,12,1,4
BRDA:210,13,0,5
BRDA:210,13,1,5
BRDA:210,13,2,5
BRDA:226,14,0,1
BRDA:226,14,1,0
BRDA:237,15,0,1
BRDA:237,15,1,2
BRDA:265,16,0,2
BRDA:265,16,1,0
BRF:34
BRH:27
end_of_record
TN:
SF:src\repo\repository_contract.js
FN:6,(anonymous_0)
FN:17,(anonymous_1)
FN:26,(anonymous_2)
FN:34,(anonymous_3)
FN:42,(anonymous_4)
FN:50,(anonymous_5)
FNF:6
FNH:1
FNDA:30,(anonymous_0)
FNDA:0,(anonymous_1)
FNDA:0,(anonymous_2)
FNDA:0,(anonymous_3)
FNDA:0,(anonymous_4)
FNDA:0,(anonymous_5)
DA:7,30
DA:8,0
DA:18,0
DA:27,0
DA:35,0
DA:43,0
DA:51,0
LF:7
LH:1
BRDA:7,0,0,0
BRDA:7,0,1,30
BRF:2
BRH:1
end_of_record
TN:
SF:src\services\eventPlannerService.ts
FN:26,timeToMinutes
FN:42,minutesToTime
FN:70,(anonymous_2)
FN:78,(anonymous_3)
FN:94,(anonymous_4)
FN:97,(anonymous_5)
FN:106,(anonymous_6)
FN:124,(anonymous_7)
FN:144,(anonymous_8)
FN:154,(anonymous_9)
FN:164,(anonymous_10)
FN:167,(anonymous_11)
FN:177,(anonymous_12)
FN:180,(anonymous_13)
FN:189,(anonymous_14)
FN:199,(anonymous_15)
FNF:16
FNH:0
FNDA:0,timeToMinutes
FNDA:0,minutesToTime
FNDA:0,(anonymous_2)
FNDA:0,(anonymous_3)
FNDA:0,(anonymous_4)
FNDA:0,(anonymous_5)
FNDA:0,(anonymous_6)
FNDA:0,(anonymous_7)
FNDA:0,(anonymous_8)
FNDA:0,(anonymous_9)
FNDA:0,(anonymous_10)
FNDA:0,(anonymous_11)
FNDA:0,(anonymous_12)
FNDA:0,(anonymous_13)
FNDA:0,(anonymous_14)
FNDA:0,(anonymous_15)
DA:14,0
DA:27,0
DA:29,0
DA:43,0
DA:44,0
DA:46,0
DA:71,0
DA:79,0
DA:95,0
DA:97,0
DA:107,0
DA:125,0
DA:135,0
DA:145,0
DA:155,0
DA:165,0
DA:167,0
DA:178,0
DA:180,0
DA:190,0
DA:200,0
DA:208,0
LF:22
LH:0
BRDA:86,0,0,0
BRDA:86,0,1,0
BRF:2
BRH:0
end_of_record
TN:
SF:src\types\CampusEvent.ts
FNF:0
FNH:0
LF:0
LH:0
BRF:0
BRH:0
end_of_record
TN:
SF:src\types\EventPlannerServiceContract.ts
FNF:0
FNH:0
LF:0
LH:0
BRF:0
BRH:0
end_of_record
